#
# A fatal error has been detected by the Java Runtime Environment:
#
#  Internal Error (safepoint.cpp:919), pid=63938, tid=28679
#  fatal error: Illegal threadstate encountered: 4
#
# JRE version: OpenJDK Runtime Environment Temurin-11.0.14.1+1 (11.0.14.1+1) (build 11.0.14.1+1)
# Java VM: OpenJDK 64-Bit Server VM Temurin-11.0.14.1+1 (11.0.14.1+1, mixed mode, tiered, compressed oops, g1 gc, bsd-amd64)
# No core dump will be written. Core dumps have been disabled. To enable core dumping, try "ulimit -c unlimited" before starting Java again
#
# If you would like to submit a bug report, please visit:
#   https://github.com/adoptium/adoptium-support/issues
# The crash happened outside the Java Virtual Machine in native code.
# See problematic frame for where to report the bug.
#

---------------  S U M M A R Y ------------

Command Line: --add-modules=javafx.controls,javafx.fxml --module-path=/Users/lee/.gradle/caches/modules-2/files-2.1/org.openjfx/javafx-fxml/17.0.1/4ec9abf3948b347b5ce0e09813add3f25a6dbc0b/javafx-fxml-17.0.1-mac.jar:/Users/lee/.gradle/caches/modules-2/files-2.1/org.openjfx/javafx-controls/17.0.1/9c4e3c7ee4fe3f2d71cb94811910695f43040dc5/javafx-controls-17.0.1-mac.jar:/Users/lee/.gradle/caches/modules-2/files-2.1/org.openjfx/javafx-graphics/17.0.1/60505369f7528056d4d8c5ea080df5447bdb0264/javafx-graphics-17.0.1-mac.jar:/Users/lee/.gradle/caches/modules-2/files-2.1/org.openjfx/javafx-base/17.0.1/75cfa6f780ea3b3fd4ae336161e9e136ebb91ef2/javafx-base-17.0.1-mac.jar -Dfile.encoding=UTF-8 -Duser.country=CN -Duser.language=zh -Duser.variant edu.duke.ece651.mp.client.Client

Host: MacBookPro16,2 x86_64 2000 MHz, 8 cores, 16G, Darwin 21.4.0
Time: Fri Apr 22 20:51:40 2022 EDT elapsed time: 18.009778 seconds (0d 0h 0m 18s)

---------------  T H R E A D  ---------------

Current thread (0x00007ff11e0b1800):  JavaThread "InvokeLaterDispatcher" daemon [_thread_in_native, id=28679, stack(0x0000700005133000,0x0000700005233000)]

Stack: [0x0000700005133000,0x0000700005233000],  sp=0x00007000052312e0,  free space=1016k
Native frames: (J=compiled Java code, A=aot compiled Java code, j=interpreted, Vv=VM code, C=native code)
V  [libjvm.dylib+0x7c5ab3]  _ZN7VMError14report_and_dieEiPKcS1_P13__va_list_tagP6ThreadPhPvS7_S1_im+0x601
V  [libjvm.dylib+0x276985]  _Z12report_fatal11VMErrorTypePKciS1_z+0xc0
V  [libjvm.dylib+0x69bc15]  _ZN20SafepointSynchronize5blockEP10JavaThread+0x1d9
V  [libjvm.dylib+0x69d183]  _ZN18SafepointMechanism23block_if_requested_slowEP10JavaThread+0x1d
V  [libjvm.dylib+0x77e5c4]  _ZN10JavaThread44check_safepoint_and_suspend_for_native_transEPS_+0x9c
V  [libjvm.dylib+0x3f36ae]  jni_DeleteGlobalRef+0x93
C  [libglass.dylib+0x82e8]  -[GlassRunnable dealloc]+0x28
C  [Foundation+0x81bee]  -[_NSThreadPerformInfo dealloc]+0x2a
C  [Foundation+0x4e496]  -[NSObject(NSThreadPerformAdditions) performSelectorOnMainThread:withObject:waitUntilDone:]+0x7c
j  com.sun.glass.ui.mac.MacApplication._submitForLaterInvocation(Ljava/lang/Runnable;)V+0 javafx.graphics
J 4091 c1 com.sun.glass.ui.mac.MacApplication.submitForLaterInvocation(Ljava/lang/Runnable;)V javafx.graphics (6 bytes) @ 0x0000000112ca8ab4 [0x0000000112ca8a40+0x0000000000000074]
j  com.sun.glass.ui.InvokeLaterDispatcher.run()V+82 javafx.graphics
v  ~StubRoutines::call_stub
V  [libjvm.dylib+0x3b7c22]  _ZN9JavaCalls11call_helperEP9JavaValueRK12methodHandleP17JavaCallArgumentsP6Thread+0x1fe
V  [libjvm.dylib+0x3b7088]  _ZN9JavaCalls12call_virtualEP9JavaValueP5KlassP6SymbolS5_P17JavaCallArgumentsP6Thread+0xee
V  [libjvm.dylib+0x3b7144]  _ZN9JavaCalls12call_virtualEP9JavaValue6HandleP5KlassP6SymbolS6_P6Thread+0x62
V  [libjvm.dylib+0x43dfce]  _ZL12thread_entryP10JavaThreadP6Thread+0x78
V  [libjvm.dylib+0x77d03c]  _ZN10JavaThread17thread_main_innerEv+0x82
V  [libjvm.dylib+0x77ce86]  _ZN10JavaThread3runEv+0x122
V  [libjvm.dylib+0x77ada0]  _ZN6Thread8call_runEv+0x68
V  [libjvm.dylib+0x6291d1]  _ZL19thread_native_entryP6Thread+0x139
C  [libsystem_pthread.dylib+0x64e1]  _pthread_start+0x7d
C  [libsystem_pthread.dylib+0x1f6b]  thread_start+0xf

Java frames: (J=compiled Java code, j=interpreted, Vv=VM code)
j  com.sun.glass.ui.mac.MacApplication._submitForLaterInvocation(Ljava/lang/Runnable;)V+0 javafx.graphics
J 4091 c1 com.sun.glass.ui.mac.MacApplication.submitForLaterInvocation(Ljava/lang/Runnable;)V javafx.graphics (6 bytes) @ 0x0000000112ca8ab4 [0x0000000112ca8a40+0x0000000000000074]
j  com.sun.glass.ui.InvokeLaterDispatcher.run()V+82 javafx.graphics
v  ~StubRoutines::call_stub

---------------  P R O C E S S  ---------------

Threads class SMR info:
_java_thread_list=0x0000600000fe6c40, length=24, elements={
0x00007ff11a00b800, 0x00007ff11905e800, 0x00007ff119063800, 0x00007ff119060800,
0x00007ff119072800, 0x00007ff119073800, 0x00007ff119074800, 0x00007ff119075000,
0x00007ff11a8a2800, 0x00007ff11e0a3000, 0x00007ff11e0b1800, 0x00007ff1190f1000,
0x00007ff11e0db800, 0x00007ff119181800, 0x00007ff119488800, 0x00007ff11a503800,
0x00007ff11a04b000, 0x00007ff11e3c3800, 0x00007ff11ab5a800, 0x00007ff11e8c7800,
0x00007ff11d6e9000, 0x00007ff11ab5b800, 0x00007ff11d7c4000, 0x00007ff11a58c000
}

Java Threads: ( => current thread )
  0x00007ff11a00b800 JavaThread "main" [_thread_blocked, id=9731, stack(0x0000700003cf4000,0x0000700003df4000)]
  0x00007ff11905e800 JavaThread "Reference Handler" daemon [_thread_blocked, id=18435, stack(0x0000700004409000,0x0000700004509000)]
  0x00007ff119063800 JavaThread "Finalizer" daemon [_thread_blocked, id=17923, stack(0x000070000450c000,0x000070000460c000)]
  0x00007ff119060800 JavaThread "Signal Dispatcher" daemon [_thread_blocked, id=16643, stack(0x0000700004715000,0x0000700004815000)]
  0x00007ff119072800 JavaThread "Service Thread" daemon [_thread_blocked, id=43267, stack(0x0000700004818000,0x0000700004918000)]
  0x00007ff119073800 JavaThread "C2 CompilerThread0" daemon [_thread_blocked, id=42755, stack(0x000070000491b000,0x0000700004a1b000)]
  0x00007ff119074800 JavaThread "C1 CompilerThread0" daemon [_thread_blocked, id=42243, stack(0x0000700004a1e000,0x0000700004b1e000)]
  0x00007ff119075000 JavaThread "Sweeper thread" daemon [_thread_blocked, id=41731, stack(0x0000700004b21000,0x0000700004c21000)]
  0x00007ff11a8a2800 JavaThread "Common-Cleaner" daemon [_thread_blocked, id=40963, stack(0x0000700004c24000,0x0000700004d24000)]
  0x00007ff11e0a3000 JavaThread "QuantumRenderer-0" daemon [_thread_blocked, id=39171, stack(0x0000700005030000,0x0000700005130000)]
=>0x00007ff11e0b1800 JavaThread "InvokeLaterDispatcher" daemon [_thread_in_native, id=28679, stack(0x0000700005133000,0x0000700005233000)]
  0x00007ff1190f1000 JavaThread "JavaFX Application Thread" [_thread_in_native_trans, id=259, stack(0x00007ff7bd59e000,0x00007ff7bdd9e000)]
  0x00007ff11e0db800 JavaThread "JavaFX-Launcher" [_thread_blocked, id=75523, stack(0x000070000543f000,0x000070000553f000)]
  0x00007ff119181800 JavaThread "Prism Font Disposer" daemon [_thread_blocked, id=70403, stack(0x00007000059d1000,0x0000700005ad1000)]
  0x00007ff119488800 JavaThread "Thread-4" [_thread_blocked, id=58115, stack(0x0000700005b57000,0x0000700005c57000)]
  0x00007ff11a503800 JavaThread "Cleaner-0" daemon [_thread_blocked, id=70671, stack(0x0000700005f63000,0x0000700006063000)]
  0x00007ff11a04b000 JavaThread "Thread-5" [_thread_in_vm, id=63291, stack(0x00007000060e9000,0x00007000061e9000)]
  0x00007ff11e3c3800 JavaThread "Thread-6" [_thread_in_vm, id=88843, stack(0x00007000061ec000,0x00007000062ec000)]
  0x00007ff11ab5a800 JavaThread "Thread-7" [_thread_in_vm, id=130319, stack(0x0000700004e2a000,0x0000700004f2a000)]
  0x00007ff11e8c7800 JavaThread "PulseTimer-CVDisplayLink thread" daemon [_thread_blocked, id=17675, stack(0x000070000460f000,0x000070000468f000)]
  0x00007ff11d6e9000 JavaThread "Thread-8" [_thread_in_vm, id=72467, stack(0x0000700004d27000,0x0000700004e27000)]
  0x00007ff11ab5b800 JavaThread "Thread-9" [_thread_in_vm, id=128015, stack(0x00007000064f5000,0x00007000065f5000)]
  0x00007ff11d7c4000 JavaThread "Thread-10" [_thread_in_native, id=92939, stack(0x00007000063f2000,0x00007000064f2000)]
  0x00007ff11a58c000 JavaThread "Thread-11" [_thread_blocked, id=53031, stack(0x00007000062ef000,0x00007000063ef000)]

Other Threads:
  0x00007ff11a033000 VMThread "VM Thread" [stack: 0x0000700004306000,0x0000700004406000] [id=13571] _threads_hazard_ptr=0x0000600000fe6c40
  0x00007ff11e852000 WatcherThread [stack: 0x0000700004f2d000,0x000070000502d000] [id=23299]
  0x00007ff11a016800 GCTaskThread "GC Thread#0" [stack: 0x0000700003df7000,0x0000700003ef7000] [id=11779]
  0x00007ff11918f800 GCTaskThread "GC Thread#1" [stack: 0x00007000052b9000,0x00007000053b9000] [id=79115]
  0x00007ff11c1b6000 GCTaskThread "GC Thread#2" [stack: 0x00007000055c5000,0x00007000056c5000] [id=75787]
  0x00007ff11c302800 GCTaskThread "GC Thread#3" [stack: 0x00007000056c8000,0x00007000057c8000] [id=71683]
  0x00007ff11c0ca800 GCTaskThread "GC Thread#4" [stack: 0x00007000057cb000,0x00007000058cb000] [id=56835]
  0x00007ff11c0cb000 GCTaskThread "GC Thread#5" [stack: 0x00007000058ce000,0x00007000059ce000] [id=71171]
  0x00007ff11d156800 GCTaskThread "GC Thread#6" [stack: 0x0000700005c5a000,0x0000700005d5a000] [id=69635]
  0x00007ff11aa79000 GCTaskThread "GC Thread#7" [stack: 0x0000700005d5d000,0x0000700005e5d000] [id=58883]
  0x00007ff11a838000 ConcurrentGCThread "G1 Main Marker" [stack: 0x0000700003efa000,0x0000700003ffa000] [id=20739]
  0x00007ff11a839000 ConcurrentGCThread "G1 Conc#0" [stack: 0x0000700003ffd000,0x00007000040fd000] [id=19715]
  0x00007ff119193800 ConcurrentGCThread "G1 Conc#1" [stack: 0x0000700005e60000,0x0000700005f60000] [id=69123]
  0x00007ff11a879800 ConcurrentGCThread "G1 Refine#0" [stack: 0x0000700004100000,0x0000700004200000] [id=12291]
  0x00007ff11a87a800 ConcurrentGCThread "G1 Young RemSet Sampling" [stack: 0x0000700004203000,0x0000700004303000] [id=19203]

Threads with active compile tasks:
C2 CompilerThread0  18018 4119   !   4       com.sun.javafx.fxml.BeanAdapter::put (90 bytes)

VM state:synchronizing (normal execution)

VM Mutex/Monitor currently owned by a thread:  ([mutex/lock_event])
[0x0000600002107000] Safepoint_lock - owner thread: 0x00007ff11a033000
[0x0000600002107080] Threads_lock - owner thread: 0x00007ff11a033000

Heap address: 0x0000000700000000, size: 4096 MB, Compressed Oops mode: Zero based, Oop shift amount: 3
Narrow klass base: 0x0000000800000000, Narrow klass shift: 0
Compressed class space size: 1073741824 Address: 0x0000000800000000

Heap:
 garbage-first heap   total 262144K, used 97595K [0x0000000700000000, 0x0000000800000000)
  region size 1024K, 28 young (28672K), 4 survivors (4096K)
 Metaspace       used 27924K, capacity 29241K, committed 29312K, reserved 1075200K
  class space    used 3442K, capacity 3963K, committed 3968K, reserved 1048576K
Heap Regions: E=young(eden), S=young(survivor), O=old, HS=humongous(starts), HC=humongous(continues), CS=collection set, F=free, A=archive, TAMS=top-at-mark-start (previous, next)
|   0|0x0000000700000000, 0x0000000700100000, 0x0000000700100000|100%| O|  |TAMS 0x0000000700100000, 0x0000000700000000| Untracked 
|   1|0x0000000700100000, 0x0000000700200000, 0x0000000700200000|100%| O|  |TAMS 0x000000070010fe00, 0x0000000700100000| Untracked 
|   2|0x0000000700200000, 0x0000000700300000, 0x0000000700300000|100%|HS|  |TAMS 0x0000000700300000, 0x0000000700200000| Complete 
|   3|0x0000000700300000, 0x0000000700400000, 0x0000000700400000|100%|HC|  |TAMS 0x0000000700400000, 0x0000000700300000| Complete 
|   4|0x0000000700400000, 0x0000000700500000, 0x0000000700500000|100%|HC|  |TAMS 0x0000000700500000, 0x0000000700400000| Complete 
|   5|0x0000000700500000, 0x0000000700600000, 0x0000000700600000|100%|HC|  |TAMS 0x0000000700600000, 0x0000000700500000| Complete 
|   6|0x0000000700600000, 0x0000000700700000, 0x0000000700700000|100%|HC|  |TAMS 0x0000000700700000, 0x0000000700600000| Complete 
|   7|0x0000000700700000, 0x0000000700800000, 0x0000000700800000|100%|HC|  |TAMS 0x0000000700800000, 0x0000000700700000| Complete 
|   8|0x0000000700800000, 0x0000000700900000, 0x0000000700900000|100%|HS|  |TAMS 0x0000000700900000, 0x0000000700800000| Complete 
|   9|0x0000000700900000, 0x0000000700a00000, 0x0000000700a00000|100%|HC|  |TAMS 0x0000000700a00000, 0x0000000700900000| Complete 
|  10|0x0000000700a00000, 0x0000000700b00000, 0x0000000700b00000|100%|HC|  |TAMS 0x0000000700b00000, 0x0000000700a00000| Complete 
|  11|0x0000000700b00000, 0x0000000700c00000, 0x0000000700c00000|100%|HC|  |TAMS 0x0000000700c00000, 0x0000000700b00000| Complete 
|  12|0x0000000700c00000, 0x0000000700d00000, 0x0000000700d00000|100%|HC|  |TAMS 0x0000000700d00000, 0x0000000700c00000| Complete 
|  13|0x0000000700d00000, 0x0000000700e00000, 0x0000000700e00000|100%|HS|  |TAMS 0x0000000700e00000, 0x0000000700d00000| Complete 
|  14|0x0000000700e00000, 0x0000000700f00000, 0x0000000700f00000|100%|HC|  |TAMS 0x0000000700f00000, 0x0000000700e00000| Complete 
|  15|0x0000000700f00000, 0x0000000701000000, 0x0000000701000000|100%|HC|  |TAMS 0x0000000701000000, 0x0000000700f00000| Complete 
|  16|0x0000000701000000, 0x0000000701100000, 0x0000000701100000|100%|HC|  |TAMS 0x0000000701100000, 0x0000000701000000| Complete 
|  17|0x0000000701100000, 0x0000000701200000, 0x0000000701200000|100%|HS|  |TAMS 0x0000000701200000, 0x0000000701100000| Complete 
|  18|0x0000000701200000, 0x0000000701300000, 0x0000000701300000|100%|HC|  |TAMS 0x0000000701300000, 0x0000000701200000| Complete 
|  19|0x0000000701300000, 0x0000000701400000, 0x0000000701400000|100%|HC|  |TAMS 0x0000000701400000, 0x0000000701300000| Complete 
|  20|0x0000000701400000, 0x0000000701500000, 0x0000000701500000|100%|HC|  |TAMS 0x0000000701500000, 0x0000000701400000| Complete 
|  21|0x0000000701500000, 0x0000000701600000, 0x0000000701600000|100%|HC|  |TAMS 0x0000000701600000, 0x0000000701500000| Complete 
|  22|0x0000000701600000, 0x0000000701700000, 0x0000000701700000|100%|HC|  |TAMS 0x0000000701700000, 0x0000000701600000| Complete 
|  23|0x0000000701700000, 0x0000000701800000, 0x0000000701800000|100%|HC|  |TAMS 0x0000000701800000, 0x0000000701700000| Complete 
|  24|0x0000000701800000, 0x0000000701900000, 0x0000000701900000|100%|HS|  |TAMS 0x0000000701800000, 0x0000000701800000| Complete 
|  25|0x0000000701900000, 0x0000000701a00000, 0x0000000701a00000|100%|HC|  |TAMS 0x0000000701900000, 0x0000000701900000| Complete 
|  26|0x0000000701a00000, 0x0000000701b00000, 0x0000000701b00000|100%| O|  |TAMS 0x0000000701a00000, 0x0000000701a00000| Untracked 
|  27|0x0000000701b00000, 0x0000000701c00000, 0x0000000701c00000|100%| O|  |TAMS 0x0000000701b00000, 0x0000000701b00000| Untracked 
|  28|0x0000000701c00000, 0x0000000701d00000, 0x0000000701d00000|100%| O|  |TAMS 0x0000000701c00000, 0x0000000701c00000| Untracked 
|  29|0x0000000701d00000, 0x0000000701e00000, 0x0000000701e00000|100%| O|  |TAMS 0x0000000701d00000, 0x0000000701d00000| Untracked 
|  30|0x0000000701e00000, 0x0000000701f00000, 0x0000000701f00000|100%| O|  |TAMS 0x0000000701e00000, 0x0000000701e00000| Untracked 
|  31|0x0000000701f00000, 0x0000000702000000, 0x0000000702000000|100%| O|  |TAMS 0x0000000701f00000, 0x0000000701f00000| Untracked 
|  32|0x0000000702000000, 0x0000000702100000, 0x0000000702100000|100%| O|  |TAMS 0x0000000702000000, 0x0000000702000000| Untracked 
|  33|0x0000000702100000, 0x00000007021f5600, 0x0000000702200000| 95%| O|  |TAMS 0x0000000702100000, 0x0000000702100000| Untracked 
|  34|0x0000000702200000, 0x0000000702300000, 0x0000000702300000|100%|HS|  |TAMS 0x0000000702200000, 0x0000000702200000| Complete 
|  35|0x0000000702300000, 0x0000000702400000, 0x0000000702400000|100%|HC|  |TAMS 0x0000000702300000, 0x0000000702300000| Complete 
|  36|0x0000000702400000, 0x0000000702500000, 0x0000000702500000|100%|HC|  |TAMS 0x0000000702400000, 0x0000000702400000| Complete 
|  37|0x0000000702500000, 0x0000000702600000, 0x0000000702600000|100%|HC|  |TAMS 0x0000000702500000, 0x0000000702500000| Complete 
|  38|0x0000000702600000, 0x0000000702700000, 0x0000000702700000|100%|HC|  |TAMS 0x0000000702600000, 0x0000000702600000| Complete 
|  39|0x0000000702700000, 0x0000000702800000, 0x0000000702800000|100%|HS|  |TAMS 0x0000000702700000, 0x0000000702700000| Complete 
|  40|0x0000000702800000, 0x0000000702900000, 0x0000000702900000|100%|HC|  |TAMS 0x0000000702800000, 0x0000000702800000| Complete 
|  41|0x0000000702900000, 0x0000000702a00000, 0x0000000702a00000|100%|HC|  |TAMS 0x0000000702900000, 0x0000000702900000| Complete 
|  42|0x0000000702a00000, 0x0000000702b00000, 0x0000000702b00000|100%|HC|  |TAMS 0x0000000702a00000, 0x0000000702a00000| Complete 
|  43|0x0000000702b00000, 0x0000000702c00000, 0x0000000702c00000|100%|HC|  |TAMS 0x0000000702b00000, 0x0000000702b00000| Complete 
|  44|0x0000000702c00000, 0x0000000702d00000, 0x0000000702d00000|100%|HS|  |TAMS 0x0000000702c00000, 0x0000000702c00000| Complete 
|  45|0x0000000702d00000, 0x0000000702e00000, 0x0000000702e00000|100%|HC|  |TAMS 0x0000000702d00000, 0x0000000702d00000| Complete 
|  46|0x0000000702e00000, 0x0000000702f00000, 0x0000000702f00000|100%|HC|  |TAMS 0x0000000702e00000, 0x0000000702e00000| Complete 
|  47|0x0000000702f00000, 0x0000000703000000, 0x0000000703000000|100%|HC|  |TAMS 0x0000000702f00000, 0x0000000702f00000| Complete 
|  48|0x0000000703000000, 0x0000000703100000, 0x0000000703100000|100%|HC|  |TAMS 0x0000000703000000, 0x0000000703000000| Complete 
|  49|0x0000000703100000, 0x0000000703200000, 0x0000000703200000|100%|HS|  |TAMS 0x0000000703100000, 0x0000000703100000| Complete 
|  50|0x0000000703200000, 0x0000000703300000, 0x0000000703300000|100%|HC|  |TAMS 0x0000000703200000, 0x0000000703200000| Complete 
|  51|0x0000000703300000, 0x0000000703400000, 0x0000000703400000|100%|HC|  |TAMS 0x0000000703300000, 0x0000000703300000| Complete 
|  52|0x0000000703400000, 0x0000000703500000, 0x0000000703500000|100%|HC|  |TAMS 0x0000000703400000, 0x0000000703400000| Complete 
|  53|0x0000000703500000, 0x0000000703600000, 0x0000000703600000|100%|HC|  |TAMS 0x0000000703500000, 0x0000000703500000| Complete 
|  54|0x0000000703600000, 0x0000000703700000, 0x0000000703700000|100%|HS|  |TAMS 0x0000000703600000, 0x0000000703600000| Complete 
|  55|0x0000000703700000, 0x0000000703800000, 0x0000000703800000|100%|HC|  |TAMS 0x0000000703700000, 0x0000000703700000| Complete 
|  56|0x0000000703800000, 0x0000000703900000, 0x0000000703900000|100%|HC|  |TAMS 0x0000000703800000, 0x0000000703800000| Complete 
|  57|0x0000000703900000, 0x0000000703a00000, 0x0000000703a00000|100%|HC|  |TAMS 0x0000000703900000, 0x0000000703900000| Complete 
|  58|0x0000000703a00000, 0x0000000703b00000, 0x0000000703b00000|100%|HC|  |TAMS 0x0000000703a00000, 0x0000000703a00000| Complete 
|  59|0x0000000703b00000, 0x0000000703c00000, 0x0000000703c00000|100%|HS|  |TAMS 0x0000000703b00000, 0x0000000703b00000| Complete 
|  60|0x0000000703c00000, 0x0000000703d00000, 0x0000000703d00000|100%|HC|  |TAMS 0x0000000703c00000, 0x0000000703c00000| Complete 
|  61|0x0000000703d00000, 0x0000000703e00000, 0x0000000703e00000|100%|HC|  |TAMS 0x0000000703d00000, 0x0000000703d00000| Complete 
|  62|0x0000000703e00000, 0x0000000703f00000, 0x0000000703f00000|100%|HC|  |TAMS 0x0000000703e00000, 0x0000000703e00000| Complete 
|  63|0x0000000703f00000, 0x0000000704000000, 0x0000000704000000|100%|HC|  |TAMS 0x0000000703f00000, 0x0000000703f00000| Complete 
|  64|0x0000000704000000, 0x0000000704100000, 0x0000000704100000|100%|HS|  |TAMS 0x0000000704000000, 0x0000000704000000| Complete 
|  65|0x0000000704100000, 0x0000000704200000, 0x0000000704200000|100%|HC|  |TAMS 0x0000000704100000, 0x0000000704100000| Complete 
|  66|0x0000000704200000, 0x0000000704300000, 0x0000000704300000|100%|HC|  |TAMS 0x0000000704200000, 0x0000000704200000| Complete 
|  67|0x0000000704300000, 0x0000000704400000, 0x0000000704400000|100%|HC|  |TAMS 0x0000000704300000, 0x0000000704300000| Complete 
|  68|0x0000000704400000, 0x0000000704500000, 0x0000000704500000|100%|HC|  |TAMS 0x0000000704400000, 0x0000000704400000| Complete 
|  69|0x0000000704500000, 0x0000000704500000, 0x0000000704600000|  0%| F|  |TAMS 0x0000000704500000, 0x0000000704500000| Untracked 
|  70|0x0000000704600000, 0x0000000704600000, 0x0000000704700000|  0%| F|  |TAMS 0x0000000704600000, 0x0000000704600000| Untracked 
|  71|0x0000000704700000, 0x0000000704700000, 0x0000000704800000|  0%| F|  |TAMS 0x0000000704700000, 0x0000000704700000| Untracked 
|  72|0x0000000704800000, 0x0000000704800000, 0x0000000704900000|  0%| F|  |TAMS 0x0000000704800000, 0x0000000704800000| Untracked 
|  73|0x0000000704900000, 0x0000000704900000, 0x0000000704a00000|  0%| F|  |TAMS 0x0000000704900000, 0x0000000704900000| Untracked 
|  74|0x0000000704a00000, 0x0000000704a00000, 0x0000000704b00000|  0%| F|  |TAMS 0x0000000704a00000, 0x0000000704a00000| Untracked 
|  75|0x0000000704b00000, 0x0000000704b00000, 0x0000000704c00000|  0%| F|  |TAMS 0x0000000704b00000, 0x0000000704b00000| Untracked 
|  76|0x0000000704c00000, 0x0000000704c00000, 0x0000000704d00000|  0%| F|  |TAMS 0x0000000704c00000, 0x0000000704c00000| Untracked 
|  77|0x0000000704d00000, 0x0000000704d00000, 0x0000000704e00000|  0%| F|  |TAMS 0x0000000704d00000, 0x0000000704d00000| Untracked 
|  78|0x0000000704e00000, 0x0000000704e00000, 0x0000000704f00000|  0%| F|  |TAMS 0x0000000704e00000, 0x0000000704e00000| Untracked 
|  79|0x0000000704f00000, 0x0000000704f00000, 0x0000000705000000|  0%| F|  |TAMS 0x0000000704f00000, 0x0000000704f00000| Untracked 
|  80|0x0000000705000000, 0x0000000705000000, 0x0000000705100000|  0%| F|  |TAMS 0x0000000705000000, 0x0000000705000000| Untracked 
|  81|0x0000000705100000, 0x0000000705100000, 0x0000000705200000|  0%| F|  |TAMS 0x0000000705100000, 0x0000000705100000| Untracked 
|  82|0x0000000705200000, 0x0000000705200000, 0x0000000705300000|  0%| F|  |TAMS 0x0000000705200000, 0x0000000705200000| Untracked 
|  83|0x0000000705300000, 0x0000000705300000, 0x0000000705400000|  0%| F|  |TAMS 0x0000000705300000, 0x0000000705300000| Untracked 
|  84|0x0000000705400000, 0x0000000705400000, 0x0000000705500000|  0%| F|  |TAMS 0x0000000705400000, 0x0000000705400000| Untracked 
|  85|0x0000000705500000, 0x0000000705500000, 0x0000000705600000|  0%| F|  |TAMS 0x0000000705500000, 0x0000000705500000| Untracked 
|  86|0x0000000705600000, 0x0000000705600000, 0x0000000705700000|  0%| F|  |TAMS 0x0000000705600000, 0x0000000705600000| Untracked 
|  87|0x0000000705700000, 0x0000000705700000, 0x0000000705800000|  0%| F|  |TAMS 0x0000000705700000, 0x0000000705700000| Untracked 
|  88|0x0000000705800000, 0x0000000705800000, 0x0000000705900000|  0%| F|  |TAMS 0x0000000705800000, 0x0000000705800000| Untracked 
|  89|0x0000000705900000, 0x0000000705900000, 0x0000000705a00000|  0%| F|  |TAMS 0x0000000705900000, 0x0000000705900000| Untracked 
|  90|0x0000000705a00000, 0x0000000705a00000, 0x0000000705b00000|  0%| F|  |TAMS 0x0000000705a00000, 0x0000000705a00000| Untracked 
|  91|0x0000000705b00000, 0x0000000705b00000, 0x0000000705c00000|  0%| F|  |TAMS 0x0000000705b00000, 0x0000000705b00000| Untracked 
|  92|0x0000000705c00000, 0x0000000705c00000, 0x0000000705d00000|  0%| F|  |TAMS 0x0000000705c00000, 0x0000000705c00000| Untracked 
|  93|0x0000000705d00000, 0x0000000705d00000, 0x0000000705e00000|  0%| F|  |TAMS 0x0000000705d00000, 0x0000000705d00000| Untracked 
|  94|0x0000000705e00000, 0x0000000705e00000, 0x0000000705f00000|  0%| F|  |TAMS 0x0000000705e00000, 0x0000000705e00000| Untracked 
|  95|0x0000000705f00000, 0x0000000705f00000, 0x0000000706000000|  0%| F|  |TAMS 0x0000000705f00000, 0x0000000705f00000| Untracked 
|  96|0x0000000706000000, 0x0000000706000000, 0x0000000706100000|  0%| F|  |TAMS 0x0000000706000000, 0x0000000706000000| Untracked 
|  97|0x0000000706100000, 0x0000000706100000, 0x0000000706200000|  0%| F|  |TAMS 0x0000000706100000, 0x0000000706100000| Untracked 
|  98|0x0000000706200000, 0x0000000706200000, 0x0000000706300000|  0%| F|  |TAMS 0x0000000706200000, 0x0000000706200000| Untracked 
|  99|0x0000000706300000, 0x0000000706300000, 0x0000000706400000|  0%| F|  |TAMS 0x0000000706300000, 0x0000000706300000| Untracked 
| 100|0x0000000706400000, 0x0000000706400000, 0x0000000706500000|  0%| F|  |TAMS 0x0000000706400000, 0x0000000706400000| Untracked 
| 101|0x0000000706500000, 0x0000000706500000, 0x0000000706600000|  0%| F|  |TAMS 0x0000000706500000, 0x0000000706500000| Untracked 
| 102|0x0000000706600000, 0x0000000706600000, 0x0000000706700000|  0%| F|  |TAMS 0x0000000706600000, 0x0000000706600000| Untracked 
| 103|0x0000000706700000, 0x0000000706700000, 0x0000000706800000|  0%| F|  |TAMS 0x0000000706700000, 0x0000000706700000| Untracked 
| 104|0x0000000706800000, 0x0000000706800000, 0x0000000706900000|  0%| F|  |TAMS 0x0000000706800000, 0x0000000706800000| Untracked 
| 105|0x0000000706900000, 0x0000000706900000, 0x0000000706a00000|  0%| F|  |TAMS 0x0000000706900000, 0x0000000706900000| Untracked 
| 106|0x0000000706a00000, 0x0000000706a00000, 0x0000000706b00000|  0%| F|  |TAMS 0x0000000706a00000, 0x0000000706a00000| Untracked 
| 107|0x0000000706b00000, 0x0000000706b00000, 0x0000000706c00000|  0%| F|  |TAMS 0x0000000706b00000, 0x0000000706b00000| Untracked 
| 108|0x0000000706c00000, 0x0000000706c00000, 0x0000000706d00000|  0%| F|  |TAMS 0x0000000706c00000, 0x0000000706c00000| Untracked 
| 109|0x0000000706d00000, 0x0000000706d00000, 0x0000000706e00000|  0%| F|  |TAMS 0x0000000706d00000, 0x0000000706d00000| Untracked 
| 110|0x0000000706e00000, 0x0000000706e00000, 0x0000000706f00000|  0%| F|  |TAMS 0x0000000706e00000, 0x0000000706e00000| Untracked 
| 111|0x0000000706f00000, 0x0000000706f00000, 0x0000000707000000|  0%| F|  |TAMS 0x0000000706f00000, 0x0000000706f00000| Untracked 
| 112|0x0000000707000000, 0x0000000707000000, 0x0000000707100000|  0%| F|  |TAMS 0x0000000707000000, 0x0000000707000000| Untracked 
| 113|0x0000000707100000, 0x0000000707100000, 0x0000000707200000|  0%| F|  |TAMS 0x0000000707100000, 0x0000000707100000| Untracked 
| 114|0x0000000707200000, 0x0000000707200000, 0x0000000707300000|  0%| F|  |TAMS 0x0000000707200000, 0x0000000707200000| Untracked 
| 115|0x0000000707300000, 0x0000000707300000, 0x0000000707400000|  0%| F|  |TAMS 0x0000000707300000, 0x0000000707300000| Untracked 
| 116|0x0000000707400000, 0x0000000707400000, 0x0000000707500000|  0%| F|  |TAMS 0x0000000707400000, 0x0000000707400000| Untracked 
| 117|0x0000000707500000, 0x0000000707500000, 0x0000000707600000|  0%| F|  |TAMS 0x0000000707500000, 0x0000000707500000| Untracked 
| 118|0x0000000707600000, 0x0000000707600000, 0x0000000707700000|  0%| F|  |TAMS 0x0000000707600000, 0x0000000707600000| Untracked 
| 119|0x0000000707700000, 0x0000000707700000, 0x0000000707800000|  0%| F|  |TAMS 0x0000000707700000, 0x0000000707700000| Untracked 
| 120|0x0000000707800000, 0x0000000707800000, 0x0000000707900000|  0%| F|  |TAMS 0x0000000707800000, 0x0000000707800000| Untracked 
| 121|0x0000000707900000, 0x0000000707900000, 0x0000000707a00000|  0%| F|  |TAMS 0x0000000707900000, 0x0000000707900000| Untracked 
| 122|0x0000000707a00000, 0x0000000707a00000, 0x0000000707b00000|  0%| F|  |TAMS 0x0000000707a00000, 0x0000000707a00000| Untracked 
| 123|0x0000000707b00000, 0x0000000707b00000, 0x0000000707c00000|  0%| F|  |TAMS 0x0000000707b00000, 0x0000000707b00000| Untracked 
| 124|0x0000000707c00000, 0x0000000707c00000, 0x0000000707d00000|  0%| F|  |TAMS 0x0000000707c00000, 0x0000000707c00000| Untracked 
| 125|0x0000000707d00000, 0x0000000707d00000, 0x0000000707e00000|  0%| F|  |TAMS 0x0000000707d00000, 0x0000000707d00000| Untracked 
| 126|0x0000000707e00000, 0x0000000707e00000, 0x0000000707f00000|  0%| F|  |TAMS 0x0000000707e00000, 0x0000000707e00000| Untracked 
| 127|0x0000000707f00000, 0x0000000707f00000, 0x0000000708000000|  0%| F|  |TAMS 0x0000000707f00000, 0x0000000707f00000| Untracked 
| 128|0x0000000708000000, 0x0000000708000000, 0x0000000708100000|  0%| F|  |TAMS 0x0000000708000000, 0x0000000708000000| Untracked 
| 129|0x0000000708100000, 0x0000000708100000, 0x0000000708200000|  0%| F|  |TAMS 0x0000000708100000, 0x0000000708100000| Untracked 
| 130|0x0000000708200000, 0x0000000708200000, 0x0000000708300000|  0%| F|  |TAMS 0x0000000708200000, 0x0000000708200000| Untracked 
| 131|0x0000000708300000, 0x0000000708300000, 0x0000000708400000|  0%| F|  |TAMS 0x0000000708300000, 0x0000000708300000| Untracked 
| 132|0x0000000708400000, 0x0000000708400000, 0x0000000708500000|  0%| F|  |TAMS 0x0000000708400000, 0x0000000708400000| Untracked 
| 133|0x0000000708500000, 0x0000000708500000, 0x0000000708600000|  0%| F|  |TAMS 0x0000000708500000, 0x0000000708500000| Untracked 
| 134|0x0000000708600000, 0x0000000708600000, 0x0000000708700000|  0%| F|  |TAMS 0x0000000708600000, 0x0000000708600000| Untracked 
| 135|0x0000000708700000, 0x0000000708700000, 0x0000000708800000|  0%| F|  |TAMS 0x0000000708700000, 0x0000000708700000| Untracked 
| 136|0x0000000708800000, 0x0000000708800000, 0x0000000708900000|  0%| F|  |TAMS 0x0000000708800000, 0x0000000708800000| Untracked 
| 137|0x0000000708900000, 0x0000000708900000, 0x0000000708a00000|  0%| F|  |TAMS 0x0000000708900000, 0x0000000708900000| Untracked 
| 138|0x0000000708a00000, 0x0000000708a00000, 0x0000000708b00000|  0%| F|  |TAMS 0x0000000708a00000, 0x0000000708a00000| Untracked 
| 139|0x0000000708b00000, 0x0000000708b00000, 0x0000000708c00000|  0%| F|  |TAMS 0x0000000708b00000, 0x0000000708b00000| Untracked 
| 140|0x0000000708c00000, 0x0000000708c00000, 0x0000000708d00000|  0%| F|  |TAMS 0x0000000708c00000, 0x0000000708c00000| Untracked 
| 141|0x0000000708d00000, 0x0000000708d00000, 0x0000000708e00000|  0%| F|  |TAMS 0x0000000708d00000, 0x0000000708d00000| Untracked 
| 142|0x0000000708e00000, 0x0000000708e00000, 0x0000000708f00000|  0%| F|  |TAMS 0x0000000708e00000, 0x0000000708e00000| Untracked 
| 143|0x0000000708f00000, 0x0000000708f00000, 0x0000000709000000|  0%| F|  |TAMS 0x0000000708f00000, 0x0000000708f00000| Untracked 
| 144|0x0000000709000000, 0x0000000709000000, 0x0000000709100000|  0%| F|  |TAMS 0x0000000709000000, 0x0000000709000000| Untracked 
| 145|0x0000000709100000, 0x0000000709100000, 0x0000000709200000|  0%| F|  |TAMS 0x0000000709100000, 0x0000000709100000| Untracked 
| 146|0x0000000709200000, 0x0000000709200000, 0x0000000709300000|  0%| F|  |TAMS 0x0000000709200000, 0x0000000709200000| Untracked 
| 147|0x0000000709300000, 0x0000000709300000, 0x0000000709400000|  0%| F|  |TAMS 0x0000000709300000, 0x0000000709300000| Untracked 
| 148|0x0000000709400000, 0x0000000709400000, 0x0000000709500000|  0%| F|  |TAMS 0x0000000709400000, 0x0000000709400000| Untracked 
| 149|0x0000000709500000, 0x0000000709500000, 0x0000000709600000|  0%| F|  |TAMS 0x0000000709500000, 0x0000000709500000| Untracked 
| 150|0x0000000709600000, 0x0000000709600000, 0x0000000709700000|  0%| F|  |TAMS 0x0000000709600000, 0x0000000709600000| Untracked 
| 151|0x0000000709700000, 0x0000000709700000, 0x0000000709800000|  0%| F|  |TAMS 0x0000000709700000, 0x0000000709700000| Untracked 
| 152|0x0000000709800000, 0x0000000709800000, 0x0000000709900000|  0%| F|  |TAMS 0x0000000709800000, 0x0000000709800000| Untracked 
| 153|0x0000000709900000, 0x0000000709900000, 0x0000000709a00000|  0%| F|  |TAMS 0x0000000709900000, 0x0000000709900000| Untracked 
| 154|0x0000000709a00000, 0x0000000709a00000, 0x0000000709b00000|  0%| F|  |TAMS 0x0000000709a00000, 0x0000000709a00000| Untracked 
| 155|0x0000000709b00000, 0x0000000709b00000, 0x0000000709c00000|  0%| F|  |TAMS 0x0000000709b00000, 0x0000000709b00000| Untracked 
| 156|0x0000000709c00000, 0x0000000709c00000, 0x0000000709d00000|  0%| F|  |TAMS 0x0000000709c00000, 0x0000000709c00000| Untracked 
| 157|0x0000000709d00000, 0x0000000709d00000, 0x0000000709e00000|  0%| F|  |TAMS 0x0000000709d00000, 0x0000000709d00000| Untracked 
| 158|0x0000000709e00000, 0x0000000709e00000, 0x0000000709f00000|  0%| F|  |TAMS 0x0000000709e00000, 0x0000000709e00000| Untracked 
| 159|0x0000000709f00000, 0x0000000709f00000, 0x000000070a000000|  0%| F|  |TAMS 0x0000000709f00000, 0x0000000709f00000| Untracked 
| 160|0x000000070a000000, 0x000000070a000000, 0x000000070a100000|  0%| F|  |TAMS 0x000000070a000000, 0x000000070a000000| Untracked 
| 161|0x000000070a100000, 0x000000070a100000, 0x000000070a200000|  0%| F|  |TAMS 0x000000070a100000, 0x000000070a100000| Untracked 
| 162|0x000000070a200000, 0x000000070a200000, 0x000000070a300000|  0%| F|  |TAMS 0x000000070a200000, 0x000000070a200000| Untracked 
| 163|0x000000070a300000, 0x000000070a300000, 0x000000070a400000|  0%| F|  |TAMS 0x000000070a300000, 0x000000070a300000| Untracked 
| 164|0x000000070a400000, 0x000000070a400000, 0x000000070a500000|  0%| F|  |TAMS 0x000000070a400000, 0x000000070a400000| Untracked 
| 165|0x000000070a500000, 0x000000070a500000, 0x000000070a600000|  0%| F|  |TAMS 0x000000070a500000, 0x000000070a500000| Untracked 
| 166|0x000000070a600000, 0x000000070a600000, 0x000000070a700000|  0%| F|  |TAMS 0x000000070a600000, 0x000000070a600000| Untracked 
| 167|0x000000070a700000, 0x000000070a700000, 0x000000070a800000|  0%| F|  |TAMS 0x000000070a700000, 0x000000070a700000| Untracked 
| 168|0x000000070a800000, 0x000000070a800000, 0x000000070a900000|  0%| F|  |TAMS 0x000000070a800000, 0x000000070a800000| Untracked 
| 169|0x000000070a900000, 0x000000070a900000, 0x000000070aa00000|  0%| F|  |TAMS 0x000000070a900000, 0x000000070a900000| Untracked 
| 170|0x000000070aa00000, 0x000000070aa00000, 0x000000070ab00000|  0%| F|  |TAMS 0x000000070aa00000, 0x000000070aa00000| Untracked 
| 171|0x000000070ab00000, 0x000000070ab00000, 0x000000070ac00000|  0%| F|  |TAMS 0x000000070ab00000, 0x000000070ab00000| Untracked 
| 172|0x000000070ac00000, 0x000000070ac00000, 0x000000070ad00000|  0%| F|  |TAMS 0x000000070ac00000, 0x000000070ac00000| Untracked 
| 173|0x000000070ad00000, 0x000000070ad00000, 0x000000070ae00000|  0%| F|  |TAMS 0x000000070ad00000, 0x000000070ad00000| Untracked 
| 174|0x000000070ae00000, 0x000000070ae00000, 0x000000070af00000|  0%| F|  |TAMS 0x000000070ae00000, 0x000000070ae00000| Untracked 
| 175|0x000000070af00000, 0x000000070af00000, 0x000000070b000000|  0%| F|  |TAMS 0x000000070af00000, 0x000000070af00000| Untracked 
| 176|0x000000070b000000, 0x000000070b000000, 0x000000070b100000|  0%| F|  |TAMS 0x000000070b000000, 0x000000070b000000| Untracked 
| 177|0x000000070b100000, 0x000000070b100000, 0x000000070b200000|  0%| F|  |TAMS 0x000000070b100000, 0x000000070b100000| Untracked 
| 178|0x000000070b200000, 0x000000070b200000, 0x000000070b300000|  0%| F|  |TAMS 0x000000070b200000, 0x000000070b200000| Untracked 
| 179|0x000000070b300000, 0x000000070b300000, 0x000000070b400000|  0%| F|  |TAMS 0x000000070b300000, 0x000000070b300000| Untracked 
| 180|0x000000070b400000, 0x000000070b400000, 0x000000070b500000|  0%| F|  |TAMS 0x000000070b400000, 0x000000070b400000| Untracked 
| 181|0x000000070b500000, 0x000000070b500000, 0x000000070b600000|  0%| F|  |TAMS 0x000000070b500000, 0x000000070b500000| Untracked 
| 182|0x000000070b600000, 0x000000070b600000, 0x000000070b700000|  0%| F|  |TAMS 0x000000070b600000, 0x000000070b600000| Untracked 
| 183|0x000000070b700000, 0x000000070b700000, 0x000000070b800000|  0%| F|  |TAMS 0x000000070b700000, 0x000000070b700000| Untracked 
| 184|0x000000070b800000, 0x000000070b800000, 0x000000070b900000|  0%| F|  |TAMS 0x000000070b800000, 0x000000070b800000| Untracked 
| 185|0x000000070b900000, 0x000000070b900000, 0x000000070ba00000|  0%| F|  |TAMS 0x000000070b900000, 0x000000070b900000| Untracked 
| 186|0x000000070ba00000, 0x000000070ba00000, 0x000000070bb00000|  0%| F|  |TAMS 0x000000070ba00000, 0x000000070ba00000| Untracked 
| 187|0x000000070bb00000, 0x000000070bb00000, 0x000000070bc00000|  0%| F|  |TAMS 0x000000070bb00000, 0x000000070bb00000| Untracked 
| 188|0x000000070bc00000, 0x000000070bc00000, 0x000000070bd00000|  0%| F|  |TAMS 0x000000070bc00000, 0x000000070bc00000| Untracked 
| 189|0x000000070bd00000, 0x000000070bd00000, 0x000000070be00000|  0%| F|  |TAMS 0x000000070bd00000, 0x000000070bd00000| Untracked 
| 190|0x000000070be00000, 0x000000070be00000, 0x000000070bf00000|  0%| F|  |TAMS 0x000000070be00000, 0x000000070be00000| Untracked 
| 191|0x000000070bf00000, 0x000000070bf00000, 0x000000070c000000|  0%| F|  |TAMS 0x000000070bf00000, 0x000000070bf00000| Untracked 
| 192|0x000000070c000000, 0x000000070c000000, 0x000000070c100000|  0%| F|  |TAMS 0x000000070c000000, 0x000000070c000000| Untracked 
| 193|0x000000070c100000, 0x000000070c100000, 0x000000070c200000|  0%| F|  |TAMS 0x000000070c100000, 0x000000070c100000| Untracked 
| 194|0x000000070c200000, 0x000000070c200000, 0x000000070c300000|  0%| F|  |TAMS 0x000000070c200000, 0x000000070c200000| Untracked 
| 195|0x000000070c300000, 0x000000070c300000, 0x000000070c400000|  0%| F|  |TAMS 0x000000070c300000, 0x000000070c300000| Untracked 
| 196|0x000000070c400000, 0x000000070c400000, 0x000000070c500000|  0%| F|  |TAMS 0x000000070c400000, 0x000000070c400000| Untracked 
| 197|0x000000070c500000, 0x000000070c500000, 0x000000070c600000|  0%| F|  |TAMS 0x000000070c500000, 0x000000070c500000| Untracked 
| 198|0x000000070c600000, 0x000000070c600000, 0x000000070c700000|  0%| F|  |TAMS 0x000000070c600000, 0x000000070c600000| Untracked 
| 199|0x000000070c700000, 0x000000070c700000, 0x000000070c800000|  0%| F|  |TAMS 0x000000070c700000, 0x000000070c700000| Untracked 
| 200|0x000000070c800000, 0x000000070c800000, 0x000000070c900000|  0%| F|  |TAMS 0x000000070c800000, 0x000000070c800000| Untracked 
| 201|0x000000070c900000, 0x000000070c900000, 0x000000070ca00000|  0%| F|  |TAMS 0x000000070c900000, 0x000000070c900000| Untracked 
| 202|0x000000070ca00000, 0x000000070ca00000, 0x000000070cb00000|  0%| F|  |TAMS 0x000000070ca00000, 0x000000070ca00000| Untracked 
| 203|0x000000070cb00000, 0x000000070cb00000, 0x000000070cc00000|  0%| F|  |TAMS 0x000000070cb00000, 0x000000070cb00000| Untracked 
| 204|0x000000070cc00000, 0x000000070cc00000, 0x000000070cd00000|  0%| F|  |TAMS 0x000000070cc00000, 0x000000070cc00000| Untracked 
| 205|0x000000070cd00000, 0x000000070cd00000, 0x000000070ce00000|  0%| F|  |TAMS 0x000000070cd00000, 0x000000070cd00000| Untracked 
| 206|0x000000070ce00000, 0x000000070ce00000, 0x000000070cf00000|  0%| F|  |TAMS 0x000000070ce00000, 0x000000070ce00000| Untracked 
| 207|0x000000070cf00000, 0x000000070cf00000, 0x000000070d000000|  0%| F|  |TAMS 0x000000070cf00000, 0x000000070cf00000| Untracked 
| 208|0x000000070d000000, 0x000000070d000000, 0x000000070d100000|  0%| F|  |TAMS 0x000000070d000000, 0x000000070d000000| Untracked 
| 209|0x000000070d100000, 0x000000070d100000, 0x000000070d200000|  0%| F|  |TAMS 0x000000070d100000, 0x000000070d100000| Untracked 
| 210|0x000000070d200000, 0x000000070d200000, 0x000000070d300000|  0%| F|  |TAMS 0x000000070d200000, 0x000000070d200000| Untracked 
| 211|0x000000070d300000, 0x000000070d300000, 0x000000070d400000|  0%| F|  |TAMS 0x000000070d300000, 0x000000070d300000| Untracked 
| 212|0x000000070d400000, 0x000000070d400000, 0x000000070d500000|  0%| F|  |TAMS 0x000000070d400000, 0x000000070d400000| Untracked 
| 213|0x000000070d500000, 0x000000070d500000, 0x000000070d600000|  0%| F|  |TAMS 0x000000070d500000, 0x000000070d500000| Untracked 
| 214|0x000000070d600000, 0x000000070d600000, 0x000000070d700000|  0%| F|  |TAMS 0x000000070d600000, 0x000000070d600000| Untracked 
| 215|0x000000070d700000, 0x000000070d700000, 0x000000070d800000|  0%| F|  |TAMS 0x000000070d700000, 0x000000070d700000| Untracked 
| 216|0x000000070d800000, 0x000000070d800000, 0x000000070d900000|  0%| F|  |TAMS 0x000000070d800000, 0x000000070d800000| Untracked 
| 217|0x000000070d900000, 0x000000070d900000, 0x000000070da00000|  0%| F|  |TAMS 0x000000070d900000, 0x000000070d900000| Untracked 
| 218|0x000000070da00000, 0x000000070da00000, 0x000000070db00000|  0%| F|  |TAMS 0x000000070da00000, 0x000000070da00000| Untracked 
| 219|0x000000070db00000, 0x000000070db00000, 0x000000070dc00000|  0%| F|  |TAMS 0x000000070db00000, 0x000000070db00000| Untracked 
| 220|0x000000070dc00000, 0x000000070dc00000, 0x000000070dd00000|  0%| F|  |TAMS 0x000000070dc00000, 0x000000070dc00000| Untracked 
| 221|0x000000070dd00000, 0x000000070dd00000, 0x000000070de00000|  0%| F|  |TAMS 0x000000070dd00000, 0x000000070dd00000| Untracked 
| 222|0x000000070de00000, 0x000000070de00000, 0x000000070df00000|  0%| F|  |TAMS 0x000000070de00000, 0x000000070de00000| Untracked 
| 223|0x000000070df00000, 0x000000070df00000, 0x000000070e000000|  0%| F|  |TAMS 0x000000070df00000, 0x000000070df00000| Untracked 
| 224|0x000000070e000000, 0x000000070e000000, 0x000000070e100000|  0%| F|  |TAMS 0x000000070e000000, 0x000000070e000000| Untracked 
| 225|0x000000070e100000, 0x000000070e100000, 0x000000070e200000|  0%| F|  |TAMS 0x000000070e100000, 0x000000070e100000| Untracked 
| 226|0x000000070e200000, 0x000000070e200000, 0x000000070e300000|  0%| F|  |TAMS 0x000000070e200000, 0x000000070e200000| Untracked 
| 227|0x000000070e300000, 0x000000070e300000, 0x000000070e400000|  0%| F|  |TAMS 0x000000070e300000, 0x000000070e300000| Untracked 
| 228|0x000000070e400000, 0x000000070e459880, 0x000000070e500000| 34%| S|CS|TAMS 0x000000070e400000, 0x000000070e400000| Complete 
| 229|0x000000070e500000, 0x000000070e600000, 0x000000070e600000|100%| S|CS|TAMS 0x000000070e500000, 0x000000070e500000| Complete 
| 230|0x000000070e600000, 0x000000070e700000, 0x000000070e700000|100%| S|CS|TAMS 0x000000070e600000, 0x000000070e600000| Complete 
| 231|0x000000070e700000, 0x000000070e800000, 0x000000070e800000|100%| S|CS|TAMS 0x000000070e700000, 0x000000070e700000| Complete 
| 232|0x000000070e800000, 0x000000070e8b1aa0, 0x000000070e900000| 69%| E|  |TAMS 0x000000070e800000, 0x000000070e800000| Complete 
| 233|0x000000070e900000, 0x000000070ea00000, 0x000000070ea00000|100%| E|CS|TAMS 0x000000070e900000, 0x000000070e900000| Complete 
| 234|0x000000070ea00000, 0x000000070eb00000, 0x000000070eb00000|100%| E|CS|TAMS 0x000000070ea00000, 0x000000070ea00000| Complete 
| 235|0x000000070eb00000, 0x000000070ec00000, 0x000000070ec00000|100%| E|CS|TAMS 0x000000070eb00000, 0x000000070eb00000| Complete 
| 236|0x000000070ec00000, 0x000000070ed00000, 0x000000070ed00000|100%| E|CS|TAMS 0x000000070ec00000, 0x000000070ec00000| Complete 
| 237|0x000000070ed00000, 0x000000070ee00000, 0x000000070ee00000|100%| E|CS|TAMS 0x000000070ed00000, 0x000000070ed00000| Complete 
| 238|0x000000070ee00000, 0x000000070ef00000, 0x000000070ef00000|100%| E|CS|TAMS 0x000000070ee00000, 0x000000070ee00000| Complete 
| 239|0x000000070ef00000, 0x000000070f000000, 0x000000070f000000|100%| E|CS|TAMS 0x000000070ef00000, 0x000000070ef00000| Complete 
| 240|0x000000070f000000, 0x000000070f100000, 0x000000070f100000|100%| E|CS|TAMS 0x000000070f000000, 0x000000070f000000| Complete 
| 241|0x000000070f100000, 0x000000070f200000, 0x000000070f200000|100%| E|CS|TAMS 0x000000070f100000, 0x000000070f100000| Complete 
| 242|0x000000070f200000, 0x000000070f300000, 0x000000070f300000|100%| E|CS|TAMS 0x000000070f200000, 0x000000070f200000| Complete 
| 243|0x000000070f300000, 0x000000070f400000, 0x000000070f400000|100%| E|CS|TAMS 0x000000070f300000, 0x000000070f300000| Complete 
| 244|0x000000070f400000, 0x000000070f500000, 0x000000070f500000|100%| E|CS|TAMS 0x000000070f400000, 0x000000070f400000| Complete 
| 245|0x000000070f500000, 0x000000070f600000, 0x000000070f600000|100%| E|CS|TAMS 0x000000070f500000, 0x000000070f500000| Complete 
| 246|0x000000070f600000, 0x000000070f700000, 0x000000070f700000|100%| E|CS|TAMS 0x000000070f600000, 0x000000070f600000| Complete 
| 247|0x000000070f700000, 0x000000070f800000, 0x000000070f800000|100%| E|CS|TAMS 0x000000070f700000, 0x000000070f700000| Complete 
| 248|0x000000070f800000, 0x000000070f900000, 0x000000070f900000|100%| E|CS|TAMS 0x000000070f800000, 0x000000070f800000| Complete 
| 249|0x000000070f900000, 0x000000070fa00000, 0x000000070fa00000|100%| E|CS|TAMS 0x000000070f900000, 0x000000070f900000| Complete 
| 250|0x000000070fa00000, 0x000000070fb00000, 0x000000070fb00000|100%| E|CS|TAMS 0x000000070fa00000, 0x000000070fa00000| Complete 
| 251|0x000000070fb00000, 0x000000070fc00000, 0x000000070fc00000|100%| E|CS|TAMS 0x000000070fb00000, 0x000000070fb00000| Complete 
| 252|0x000000070fc00000, 0x000000070fd00000, 0x000000070fd00000|100%| E|CS|TAMS 0x000000070fc00000, 0x000000070fc00000| Complete 
| 253|0x000000070fd00000, 0x000000070fe00000, 0x000000070fe00000|100%| E|CS|TAMS 0x000000070fd00000, 0x000000070fd00000| Complete 
| 254|0x000000070fe00000, 0x000000070ff00000, 0x000000070ff00000|100%| E|CS|TAMS 0x000000070fe00000, 0x000000070fe00000| Complete 
| 255|0x000000070ff00000, 0x0000000710000000, 0x0000000710000000|100%| E|CS|TAMS 0x000000070ff00000, 0x000000070ff00000| Complete 

Card table byte_map: [0x0000000103e43000,0x0000000104643000] _byte_map_base: 0x0000000100643000

Marking Bits (Prev, Next): (CMBitMap*) 0x00007ff11a827650, (CMBitMap*) 0x00007ff11a827618
 Prev Bits: [0x0000000120e8c000, 0x0000000124e8c000)
 Next Bits: [0x0000000104e43000, 0x0000000108e43000)

Polling page: 0x0000000102280000

Metaspace:

Usage:
  Non-class:     24.69 MB capacity,    23.91 MB ( 97%) used,   652.81 KB (  3%) free+waste,   142.69 KB ( <1%) overhead. 
      Class:      3.87 MB capacity,     3.36 MB ( 87%) used,   450.93 KB ( 11%) free+waste,    70.00 KB (  2%) overhead. 
       Both:     28.56 MB capacity,    27.27 MB ( 95%) used,     1.08 MB (  4%) free+waste,   212.69 KB ( <1%) overhead. 

Virtual space:
  Non-class space:       26.00 MB reserved,      24.75 MB ( 95%) committed 
      Class space:        1.00 GB reserved,       3.88 MB ( <1%) committed 
             Both:        1.03 GB reserved,      28.62 MB (  3%) committed 

Chunk freelists:
   Non-Class:  42.00 KB
       Class:  0 bytes
        Both:  42.00 KB

MaxMetaspaceSize: unlimited
CompressedClassSpaceSize: 1.00 GB
Initial GC threshold: 20.80 MB
Current GC threshold: 35.08 MB
CDS: off

CodeHeap 'non-profiled nmethods': size=120032Kb used=1991Kb max_used=1991Kb free=118040Kb
 bounds [0x0000000119954000, 0x0000000119bc4000, 0x0000000120e8c000]
CodeHeap 'profiled nmethods': size=120028Kb used=8857Kb max_used=8857Kb free=111170Kb
 bounds [0x000000011241d000, 0x0000000112ccd000, 0x0000000119954000]
CodeHeap 'non-nmethods': size=5700Kb used=1444Kb max_used=1484Kb free=4255Kb
 bounds [0x0000000111e8c000, 0x00000001120fc000, 0x000000011241d000]
 total_blobs=4924 nmethods=4140 adapters=697
 compilation: enabled
              stopped_count=0, restarted_count=0
 full_count=0

Compilation events (20 events):
Event: 17.999 Thread 0x00007ff119074800 4135       3       jdk.internal.reflect.ClassFileAssembler::emitShort (38 bytes)
Event: 17.999 Thread 0x00007ff119074800 nmethod 4135 0x0000000112cbc910 code [0x0000000112cbcb00, 0x0000000112cbcf50]
Event: 17.999 Thread 0x00007ff119074800 4137   !   3       jdk.internal.reflect.GeneratedMethodAccessor14::invoke (66 bytes)
Event: 18.000 Thread 0x00007ff119074800 nmethod 4137 0x0000000112cbd210 code [0x0000000112cbd480, 0x0000000112cbe000]
Event: 18.000 Thread 0x00007ff119074800 4134       3       jdk.internal.reflect.Label::<init> (16 bytes)
Event: 18.000 Thread 0x00007ff119074800 nmethod 4134 0x0000000112cbe490 code [0x0000000112cbe680, 0x0000000112cbea90]
Event: 18.000 Thread 0x00007ff119074800 4138       3       com.sun.javafx.fxml.builder.JavaFXFontBuilder::put (10 bytes)
Event: 18.001 Thread 0x00007ff119074800 nmethod 4138 0x0000000112cbec10 code [0x0000000112cbede0, 0x0000000112cbf000]
Event: 18.001 Thread 0x00007ff119074800 4139   !   3       com.sun.javafx.fxml.builder.JavaFXFontBuilder::put (250 bytes)
Event: 18.002 Thread 0x00007ff119074800 nmethod 4139 0x0000000112cbf110 code [0x0000000112cbf4e0, 0x0000000112cc10d0]
Event: 18.002 Thread 0x00007ff119074800 4141       3       com.sun.javafx.event.BasicEventDispatcher::insertNextDispatcher (34 bytes)
Event: 18.002 Thread 0x00007ff119074800 nmethod 4141 0x0000000112cc1910 code [0x0000000112cc1ae0, 0x0000000112cc1db0]
Event: 18.002 Thread 0x00007ff119074800 4142       3       javafx.scene.Node::scenesChanged (1 bytes)
Event: 18.003 Thread 0x00007ff119074800 nmethod 4142 0x0000000112cc1e90 code [0x0000000112cc2040, 0x0000000112cc2130]
Event: 18.003 Thread 0x00007ff119074800 4143       3       javafx.scene.Node$13::computeBounds (8 bytes)
Event: 18.003 Thread 0x00007ff119074800 nmethod 4143 0x0000000112cc2210 code [0x0000000112cc23e0, 0x0000000112cc2630]
Event: 18.003 Thread 0x00007ff119074800 4144       3       com.sun.javafx.scene.NodeHelper::computeLayoutBounds (9 bytes)
Event: 18.004 Thread 0x00007ff119074800 nmethod 4144 0x0000000112cc2710 code [0x0000000112cc28e0, 0x0000000112cc2ab0]
Event: 18.004 Thread 0x00007ff119074800 4140       3       javafx.scene.Node::getProperties (26 bytes)
Event: 18.004 Thread 0x00007ff119074800 nmethod 4140 0x0000000112cc2b90 code [0x0000000112cc2d80, 0x0000000112cc32b0]

GC Heap History (6 events):
Event: 0.864 GC heap before
{Heap before GC invocations=0 (full 0):
 garbage-first heap   total 262144K, used 23552K [0x0000000700000000, 0x0000000800000000)
  region size 1024K, 24 young (24576K), 0 survivors (0K)
 Metaspace       used 14912K, capacity 15300K, committed 15616K, reserved 1062912K
  class space    used 1548K, capacity 1707K, committed 1792K, reserved 1048576K
}
Event: 0.869 GC heap after
{Heap after GC invocations=1 (full 0):
 garbage-first heap   total 262144K, used 4159K [0x0000000700000000, 0x0000000800000000)
  region size 1024K, 3 young (3072K), 3 survivors (3072K)
 Metaspace       used 14912K, capacity 15300K, committed 15616K, reserved 1062912K
  class space    used 1548K, capacity 1707K, committed 1792K, reserved 1048576K
}
Event: 1.580 GC heap before
{Heap before GC invocations=1 (full 0):
 garbage-first heap   total 262144K, used 50239K [0x0000000700000000, 0x0000000800000000)
  region size 1024K, 28 young (28672K), 3 survivors (3072K)
 Metaspace       used 20526K, capacity 21164K, committed 21296K, reserved 1069056K
  class space    used 2416K, capacity 2657K, committed 2688K, reserved 1048576K
}
Event: 1.587 GC heap after
{Heap after GC invocations=2 (full 0):
 garbage-first heap   total 262144K, used 32961K [0x0000000700000000, 0x0000000800000000)
  region size 1024K, 10 young (10240K), 10 survivors (10240K)
 Metaspace       used 20526K, capacity 21164K, committed 21296K, reserved 1069056K
  class space    used 2416K, capacity 2657K, committed 2688K, reserved 1048576K
}
Event: 5.778 GC heap before
{Heap before GC invocations=3 (full 0):
 garbage-first heap   total 262144K, used 58561K [0x0000000700000000, 0x0000000800000000)
  region size 1024K, 34 young (34816K), 10 survivors (10240K)
 Metaspace       used 25949K, capacity 27050K, committed 27264K, reserved 1073152K
  class space    used 3261K, capacity 3696K, committed 3712K, reserved 1048576K
}
Event: 5.787 GC heap after
{Heap after GC invocations=4 (full 0):
 garbage-first heap   total 262144K, used 38203K [0x0000000700000000, 0x0000000800000000)
  region size 1024K, 4 young (4096K), 4 survivors (4096K)
 Metaspace       used 25949K, capacity 27050K, committed 27264K, reserved 1073152K
  class space    used 3261K, capacity 3696K, committed 3712K, reserved 1048576K
}

Deoptimization events (20 events):
Event: 12.361 Thread 0x00007ff1190f1000 DEOPT PACKING pc=0x0000000119ae35cc sp=0x00007ff7bdd95c30
Event: 12.361 Thread 0x00007ff1190f1000 DEOPT UNPACKING pc=0x0000000111ed5ea5 sp=0x00007ff7bdd95c10 mode 2
Event: 12.361 Thread 0x00007ff1190f1000 Uncommon trap: trap_request=0xffffffd6 fr.pc=0x0000000119ae35cc relative=0x00000000000052ec
Event: 12.361 Thread 0x00007ff1190f1000 Uncommon trap: reason=array_check action=maybe_recompile pc=0x0000000119ae35cc method=javafx.css.SimpleSelector.applies(Ljavafx/css/Styleable;[Ljava/util/Set;I)Z @ 37 c2
Event: 12.361 Thread 0x00007ff1190f1000 DEOPT PACKING pc=0x0000000119ae35cc sp=0x00007ff7bdd95c60
Event: 12.361 Thread 0x00007ff1190f1000 DEOPT UNPACKING pc=0x0000000111ed5ea5 sp=0x00007ff7bdd95c40 mode 2
Event: 12.361 Thread 0x00007ff1190f1000 Uncommon trap: trap_request=0xffffffd6 fr.pc=0x0000000119ae35cc relative=0x00000000000052ec
Event: 12.361 Thread 0x00007ff1190f1000 Uncommon trap: reason=array_check action=maybe_recompile pc=0x0000000119ae35cc method=javafx.css.SimpleSelector.applies(Ljavafx/css/Styleable;[Ljava/util/Set;I)Z @ 37 c2
Event: 12.361 Thread 0x00007ff1190f1000 DEOPT PACKING pc=0x0000000119ae35cc sp=0x00007ff7bdd95c60
Event: 12.361 Thread 0x00007ff1190f1000 DEOPT UNPACKING pc=0x0000000111ed5ea5 sp=0x00007ff7bdd95c40 mode 2
Event: 12.361 Thread 0x00007ff1190f1000 Uncommon trap: trap_request=0xffffffd6 fr.pc=0x0000000119ae35cc relative=0x00000000000052ec
Event: 12.361 Thread 0x00007ff1190f1000 Uncommon trap: reason=array_check action=maybe_recompile pc=0x0000000119ae35cc method=javafx.css.SimpleSelector.applies(Ljavafx/css/Styleable;[Ljava/util/Set;I)Z @ 37 c2
Event: 12.361 Thread 0x00007ff1190f1000 DEOPT PACKING pc=0x0000000119ae35cc sp=0x00007ff7bdd95c60
Event: 12.361 Thread 0x00007ff1190f1000 DEOPT UNPACKING pc=0x0000000111ed5ea5 sp=0x00007ff7bdd95c40 mode 2
Event: 13.667 Thread 0x00007ff1190f1000 DEOPT PACKING pc=0x000000011285c5ef sp=0x00007ff7bdd95ef0
Event: 13.667 Thread 0x00007ff1190f1000 DEOPT UNPACKING pc=0x0000000111ed664a sp=0x00007ff7bdd954b0 mode 0
Event: 13.683 Thread 0x00007ff1190f1000 DEOPT PACKING pc=0x000000011285c5ef sp=0x00007ff7bdd95f90
Event: 13.683 Thread 0x00007ff1190f1000 DEOPT UNPACKING pc=0x0000000111ed664a sp=0x00007ff7bdd95550 mode 0
Event: 14.331 Thread 0x00007ff1190f1000 DEOPT PACKING pc=0x000000011285c5ef sp=0x00007ff7bdd96210
Event: 14.331 Thread 0x00007ff1190f1000 DEOPT UNPACKING pc=0x0000000111ed664a sp=0x00007ff7bdd957d0 mode 0

Classes redefined (0 events):
No events

Internal exceptions (20 events):
Event: 2.903 Thread 0x00007ff1190f1000 Exception <a 'java/lang/NoSuchMethodError'{0x000000070f0418a0}: 'java.lang.Object java.lang.invoke.DirectMethodHandle$Holder.invokeStatic(java.lang.Object, java.lang.Object, java.lang.Object, int, int, int, int, int)'> (0x000000070f0418a0) thrown at [./src/hotspot/share/interpreter/linkResolver.cpp, line 773]
Event: 2.903 Thread 0x00007ff1190f1000 Exception <a 'java/lang/NoSuchMethodError'{0x000000070f048110}: 'java.lang.Object java.lang.invoke.Invokers$Holder.linkToTargetMethod(java.lang.Object, java.lang.Object, int, int, int, int, int, java.lang.Object)'> (0x000000070f048110) thrown at [./src/hotspot/share/interpreter/linkResolver.cpp, line 773]
Event: 2.904 Thread 0x00007ff1190f1000 Exception <a 'java/lang/NoSuchMethodError'{0x000000070f062cf8}: 'long java.lang.invoke.DirectMethodHandle$Holder.invokeStaticInit(java.lang.Object, java.lang.Object, java.lang.Object)'> (0x000000070f062cf8) thrown at [./src/hotspot/share/interpreter/linkResolver.cpp, line 773]
Event: 2.906 Thread 0x00007ff1190f1000 Exception <a 'java/lang/NoSuchMethodError'{0x000000070f07b200}: 'java.lang.Object java.lang.invoke.DirectMethodHandle$Holder.invokeStatic(java.lang.Object, java.lang.Object, long)'> (0x000000070f07b200) thrown at [./src/hotspot/share/interpreter/linkResolver.cpp, line 773]
Event: 2.906 Thread 0x00007ff1190f1000 Exception <a 'java/lang/NoSuchMethodError'{0x000000070f0815c8}: 'java.lang.Object java.lang.invoke.Invokers$Holder.linkToTargetMethod(java.lang.Object, long, java.lang.Object)'> (0x000000070f0815c8) thrown at [./src/hotspot/share/interpreter/linkResolver.cpp, line 773]
Event: 5.805 Thread 0x00007ff1190f1000 Exception <a 'java/lang/NoSuchMethodError'{0x000000070ff5dea8}: 'java.lang.Object java.lang.invoke.Invokers$Holder.linkToTargetMethod(java.lang.Object, int, int, java.lang.Object)'> (0x000000070ff5dea8) thrown at [./src/hotspot/share/interpreter/linkResolver.cpp, line 773]
Event: 12.311 Thread 0x00007ff1190f1000 Exception <a 'java/io/FileNotFoundException'{0x000000070fb652e0}> (0x000000070fb652e0) thrown at [./src/hotspot/share/prims/jni.cpp, line 616]
Event: 13.644 Thread 0x00007ff1190f1000 Exception <a 'java/io/FileNotFoundException'{0x000000070f8864a0}> (0x000000070f8864a0) thrown at [./src/hotspot/share/prims/jni.cpp, line 616]
Event: 13.733 Thread 0x00007ff11a04b000 Exception <a 'java/lang/NoSuchMethodError'{0x000000070f56f2a0}: 'java.lang.Object java.lang.invoke.DirectMethodHandle$Holder.invokeSpecial(java.lang.Object, java.lang.Object, int, int, int, java.lang.Object, int, int)'> (0x000000070f56f2a0) thrown at [./src/hotspot/share/interpreter/linkResolver.cpp, line 773]
Event: 13.733 Thread 0x00007ff119488800 Exception <a 'java/lang/NoSuchMethodError'{0x000000070f58ed90}: 'java.lang.Object java.lang.invoke.DirectMethodHandle$Holder.invokeSpecial(java.lang.Object, java.lang.Object, int, int, int, java.lang.Object, int, int)'> (0x000000070f58ed90) thrown at [./src/hotspot/share/interpreter/linkResolver.cpp, line 773]
Event: 13.733 Thread 0x00007ff11e3c3800 Exception <a 'java/lang/NoSuchMethodError'{0x000000070f6a0c08}: 'java.lang.Object java.lang.invoke.DirectMethodHandle$Holder.invokeSpecial(java.lang.Object, java.lang.Object, int, int, int, java.lang.Object, int, int)'> (0x000000070f6a0c08) thrown at [./src/hotspot/share/interpreter/linkResolver.cpp, line 773]
Event: 13.734 Thread 0x00007ff11e3c3800 Exception <a 'java/lang/NoSuchMethodError'{0x000000070f6a4048}: 'java.lang.Object java.lang.invoke.DelegatingMethodHandle$Holder.reinvoke_L(java.lang.Object, int, int, int, java.lang.Object, int, int)'> (0x000000070f6a4048) thrown at [./src/hotspot/share/interpreter/linkResolver.cpp, line 773]
Event: 13.734 Thread 0x00007ff11a04b000 Exception <a 'java/lang/NoSuchMethodError'{0x000000070f572668}: 'java.lang.Object java.lang.invoke.DelegatingMethodHandle$Holder.reinvoke_L(java.lang.Object, int, int, int, java.lang.Object, int, int)'> (0x000000070f572668) thrown at [./src/hotspot/share/interpreter/linkResolver.cpp, line 773]
Event: 13.734 Thread 0x00007ff119488800 Exception <a 'java/lang/NoSuchMethodError'{0x000000070f592158}: 'java.lang.Object java.lang.invoke.DelegatingMethodHandle$Holder.reinvoke_L(java.lang.Object, int, int, int, java.lang.Object, int, int)'> (0x000000070f592158) thrown at [./src/hotspot/share/interpreter/linkResolver.cpp, line 773]
Event: 13.735 Thread 0x00007ff11a04b000 Exception <a 'java/lang/NoSuchMethodError'{0x000000070f579520}: 'java.lang.Object java.lang.invoke.DirectMethodHandle$Holder.invokeStatic(java.lang.Object, java.lang.Object, java.lang.Object, java.lang.Object, java.lang.Object, int)'> (0x000000070f579520) thrown at [./src/hotspot/share/interpreter/linkResolver.cpp, line 773]
Event: 14.334 Thread 0x00007ff1190f1000 Exception <a 'java/io/FileNotFoundException'{0x000000070f3756f8}> (0x000000070f3756f8) thrown at [./src/hotspot/share/prims/jni.cpp, line 616]
Event: 16.098 Thread 0x00007ff1190f1000 Exception <a 'java/io/FileNotFoundException'{0x000000070f1b0da0}> (0x000000070f1b0da0) thrown at [./src/hotspot/share/prims/jni.cpp, line 616]
Event: 16.780 Thread 0x00007ff1190f1000 Exception <a 'java/io/FileNotFoundException'{0x000000070eff8f00}> (0x000000070eff8f00) thrown at [./src/hotspot/share/prims/jni.cpp, line 616]
Event: 17.206 Thread 0x00007ff1190f1000 Exception <a 'java/io/FileNotFoundException'{0x000000070ec55370}> (0x000000070ec55370) thrown at [./src/hotspot/share/prims/jni.cpp, line 616]
Event: 17.955 Thread 0x00007ff1190f1000 Exception <a 'java/io/FileNotFoundException'{0x000000070ea3f080}> (0x000000070ea3f080) thrown at [./src/hotspot/share/prims/jni.cpp, line 616]

Events (20 events):
Event: 17.252 Thread 0x00007ff11b9a2800 Thread added: 0x00007ff11b9a2800
Event: 17.252 Protecting memory [0x00007000062ef000,0x00007000062f3000] with protection modes 0
Event: 17.252 Thread 0x00007ff11d7c4000 Thread added: 0x00007ff11d7c4000
Event: 17.253 Protecting memory [0x00007000063f2000,0x00007000063f6000] with protection modes 0
Event: 17.256 Executing VM operation: RevokeBias
Event: 17.256 Executing VM operation: RevokeBias done
Event: 17.257 Executing VM operation: RevokeBias
Event: 17.257 Executing VM operation: RevokeBias done
Event: 17.257 Executing VM operation: RevokeBias
Event: 17.257 Executing VM operation: RevokeBias done
Event: 17.257 Executing VM operation: RevokeBias
Event: 17.257 Executing VM operation: RevokeBias done
Event: 17.408 Protecting memory [0x00007000062ef000,0x00007000062f3000] with protection modes 3
Event: 17.408 Thread 0x00007ff11b9a2800 Thread exited: 0x00007ff11b9a2800
Event: 17.801 Loaded shared library /Users/lee/Library/Java/JavaVirtualMachines/temurin-11.0.14.1/Contents/Home/lib/server/libjvm.dylib
Event: 18.004 Thread 0x00007ff11a58c000 Thread added: 0x00007ff11a58c000
Event: 18.005 Protecting memory [0x00007000062ef000,0x00007000062f3000] with protection modes 0
Event: 18.007 Executing VM operation: RevokeBias
Event: 18.007 Executing VM operation: RevokeBias done
Event: 18.009 Executing VM operation: RevokeBias


Dynamic libraries:
0x0000000102282000 	/Users/lee/Library/Java/JavaVirtualMachines/temurin-11.0.14.1/Contents/Home/lib/jli/libjli.dylib
0x00007ff82cd3d000 	/System/Library/Frameworks/Cocoa.framework/Versions/A/Cocoa
0x00007ff8189ba000 	/System/Library/Frameworks/AppKit.framework/Versions/C/AppKit
0x00007ff81bec5000 	/System/Library/Frameworks/CoreData.framework/Versions/A/CoreData
0x00007ff816dc6000 	/System/Library/Frameworks/Foundation.framework/Versions/C/Foundation
0x00007ff820ce6000 	/usr/lib/libSystem.B.dylib
0x00007ff819848000 	/System/Library/PrivateFrameworks/UIFoundation.framework/Versions/A/UIFoundation
0x00007ff826c47000 	/System/Library/PrivateFrameworks/RemoteViewServices.framework/Versions/A/RemoteViewServices
0x00007ff81ef31000 	/System/Library/PrivateFrameworks/XCTTargetBootstrap.framework/Versions/A/XCTTargetBootstrap
0x00007ff822aed000 	/System/Library/PrivateFrameworks/InternationalSupport.framework/Versions/A/InternationalSupport
0x00007ff822b77000 	/System/Library/PrivateFrameworks/UserActivity.framework/Versions/A/UserActivity
0x00007ff821ecd000 	/usr/lib/libspindump.dylib
0x00007ff819ad6000 	/System/Library/Frameworks/UniformTypeIdentifiers.framework/Versions/A/UniformTypeIdentifiers
0x00007ff81d65a000 	/usr/lib/libapp_launch_measurement.dylib
0x00007ff81c895000 	/System/Library/PrivateFrameworks/CoreAnalytics.framework/Versions/A/CoreAnalytics
0x00007ff81d65d000 	/System/Library/PrivateFrameworks/CoreAutoLayout.framework/Versions/A/CoreAutoLayout
0x00007ff81e88b000 	/System/Library/Frameworks/Metal.framework/Versions/A/Metal
0x00007ff81f5b7000 	/usr/lib/liblangid.dylib
0x00007ff81ef36000 	/System/Library/PrivateFrameworks/CoreSVG.framework/Versions/A/CoreSVG
0x00007ff81aebd000 	/System/Library/PrivateFrameworks/SkyLight.framework/Versions/A/SkyLight
0x00007ff81b25b000 	/System/Library/Frameworks/CoreGraphics.framework/Versions/A/CoreGraphics
0x00007ff827307000 	/System/Library/Frameworks/Accelerate.framework/Versions/A/Accelerate
0x00007ff82194c000 	/System/Library/PrivateFrameworks/IconServices.framework/Versions/A/IconServices
0x00007ff81e870000 	/System/Library/Frameworks/IOSurface.framework/Versions/A/IOSurface
0x00007ff81c8c3000 	/usr/lib/libDiagnosticMessagesClient.dylib
0x00007ff820c06000 	/usr/lib/libz.1.dylib
0x00007ff82a9ea000 	/System/Library/Frameworks/ApplicationServices.framework/Versions/A/ApplicationServices
0x00007ff81ef1d000 	/System/Library/PrivateFrameworks/DFRFoundation.framework/Versions/A/DFRFoundation
0x00007ff8182a2000 	/usr/lib/libicucore.A.dylib
0x00007ff8238e2000 	/System/Library/Frameworks/AudioToolbox.framework/Versions/A/AudioToolbox
0x00007ff822af9000 	/System/Library/PrivateFrameworks/DataDetectorsCore.framework/Versions/A/DataDetectorsCore
0x00007ff91ea86000 	/System/Library/PrivateFrameworks/TextInput.framework/Versions/A/TextInput
0x00007ff81ae40000 	/usr/lib/libMobileGestalt.dylib
0x00007ff81ec29000 	/System/Library/Frameworks/Carbon.framework/Versions/A/Frameworks/HIToolbox.framework/Versions/A/HIToolbox
0x00007ff81d060000 	/System/Library/Frameworks/QuartzCore.framework/Versions/A/QuartzCore
0x00007ff817f49000 	/System/Library/Frameworks/Security.framework/Versions/A/Security
0x00007ff826c7f000 	/System/Library/Frameworks/Carbon.framework/Versions/A/Frameworks/SpeechRecognition.framework/Versions/A/SpeechRecognition
0x00007ff81d3ba000 	/System/Library/PrivateFrameworks/CoreUI.framework/Versions/A/CoreUI
0x00007ff817815000 	/System/Library/Frameworks/CoreAudio.framework/Versions/A/CoreAudio
0x00007ff81c9b2000 	/System/Library/Frameworks/DiskArbitration.framework/Versions/A/DiskArbitration
0x00007ff8222bb000 	/System/Library/PrivateFrameworks/MultitouchSupport.framework/Versions/A/MultitouchSupport
0x00007ff81ae3f000 	/usr/lib/libenergytrace.dylib
0x00007ff8188a6000 	/System/Library/Frameworks/IOKit.framework/Versions/A/IOKit
0x00007ff82706f000 	/System/Library/Frameworks/CoreServices.framework/Versions/A/CoreServices
0x00007ff81d5f4000 	/System/Library/PrivateFrameworks/PerformanceAnalysis.framework/Versions/A/PerformanceAnalysis
0x00007ffa2dfaa000 	/System/Library/Frameworks/OpenGL.framework/Versions/A/OpenGL
0x00007ff820220000 	/System/Library/PrivateFrameworks/MobileKeyBag.framework/Versions/A/MobileKeyBag
0x00007ff815d96000 	/usr/lib/libobjc.A.dylib
0x00007ff81b926000 	/System/Library/Frameworks/ColorSync.framework/Versions/A/ColorSync
0x00007ff815f54000 	/System/Library/Frameworks/CoreFoundation.framework/Versions/A/CoreFoundation
0x00007ff81f1ad000 	/System/Library/Frameworks/CoreImage.framework/Versions/A/CoreImage
0x00007ff81762d000 	/System/Library/Frameworks/CoreText.framework/Versions/A/CoreText
0x00007ff81ef66000 	/System/Library/Frameworks/ImageIO.framework/Versions/A/ImageIO
0x00007ff820cec000 	/System/Library/PrivateFrameworks/SoftLinking.framework/Versions/A/SoftLinking
0x00007ff81d6a5000 	/usr/lib/libxml2.2.dylib
0x00007ff815e60000 	/usr/lib/libc++.1.dylib
0x00007ff820f70000 	/usr/lib/libcompression.dylib
0x00007ff822a20000 	/System/Library/PrivateFrameworks/TextureIO.framework/Versions/A/TextureIO
0x00007ff82165e000 	/usr/lib/libate.dylib
0x00007ff820ce1000 	/usr/lib/system/libcache.dylib
0x00007ff820c9d000 	/usr/lib/system/libcommonCrypto.dylib
0x00007ff820cc6000 	/usr/lib/system/libcompiler_rt.dylib
0x00007ff820cbc000 	/usr/lib/system/libcopyfile.dylib
0x00007ff815c91000 	/usr/lib/system/libcorecrypto.dylib
0x00007ff815d4f000 	/usr/lib/system/libdispatch.dylib
0x00007ff815f13000 	/usr/lib/system/libdyld.dylib
0x00007ff820cd8000 	/usr/lib/system/libkeymgr.dylib
0x00007ff820c7b000 	/usr/lib/system/libmacho.dylib
0x00007ff8202fa000 	/usr/lib/system/libquarantine.dylib
0x00007ff820cd6000 	/usr/lib/system/libremovefile.dylib
0x00007ff81ae8d000 	/usr/lib/system/libsystem_asl.dylib
0x00007ff815c3a000 	/usr/lib/system/libsystem_blocks.dylib
0x00007ff815dd7000 	/usr/lib/system/libsystem_c.dylib
0x00007ff820cce000 	/usr/lib/system/libsystem_collections.dylib
0x00007ff81f5a7000 	/usr/lib/system/libsystem_configuration.dylib
0x00007ff81e853000 	/usr/lib/system/libsystem_containermanager.dylib
0x00007ff8209b4000 	/usr/lib/system/libsystem_coreservices.dylib
0x00007ff818536000 	/usr/lib/system/libsystem_darwin.dylib
0x00007ff820cd9000 	/usr/lib/system/libsystem_dnssd.dylib
0x00007ff815dd4000 	/usr/lib/system/libsystem_featureflags.dylib
0x00007ff815f29000 	/usr/lib/system/libsystem_info.dylib
0x00007ff820c19000 	/usr/lib/system/libsystem_m.dylib
0x00007ff815d23000 	/usr/lib/system/libsystem_malloc.dylib
0x00007ff81ae28000 	/usr/lib/system/libsystem_networkextension.dylib
0x00007ff81895c000 	/usr/lib/system/libsystem_notify.dylib
0x00007ff826f44000 	/usr/lib/system/libsystem_product_info_filter.dylib
0x00007ff81f5ab000 	/usr/lib/system/libsystem_sandbox.dylib
0x00007ff820cd3000 	/usr/lib/system/libsystem_secinit.dylib
0x00007ff815ecf000 	/usr/lib/system/libsystem_kernel.dylib
0x00007ff815f1f000 	/usr/lib/system/libsystem_platform.dylib
0x00007ff815f07000 	/usr/lib/system/libsystem_pthread.dylib
0x00007ff81c6d5000 	/usr/lib/system/libsystem_symptoms.dylib
0x00007ff815c78000 	/usr/lib/system/libsystem_trace.dylib
0x00007ff820ca9000 	/usr/lib/system/libunwind.dylib
0x00007ff815c3c000 	/usr/lib/system/libxpc.dylib
0x00007ff815eb9000 	/usr/lib/libc++abi.dylib
0x00007ff820cb4000 	/usr/lib/liboah.dylib
0x00007ff82143a000 	/usr/lib/liblzma.5.dylib
0x00007ff816ad9000 	/System/Library/Frameworks/SystemConfiguration.framework/Versions/A/SystemConfiguration
0x00007ff820ce8000 	/usr/lib/libfakelink.dylib
0x00007ff81a999000 	/System/Library/Frameworks/CFNetwork.framework/Versions/A/CFNetwork
0x00007ff820e29000 	/usr/lib/libarchive.2.dylib
0x00007ff81f5b3000 	/System/Library/PrivateFrameworks/AppleSystemInfo.framework/Versions/A/AppleSystemInfo
0x00007ff820321000 	/usr/lib/libbsm.0.dylib
0x00007ff819fac000 	/usr/lib/libnetwork.dylib
0x00007ff820c81000 	/usr/lib/system/libkxld.dylib
0x00007ff81ff4d000 	/System/Library/PrivateFrameworks/IOMobileFramebuffer.framework/Versions/A/IOMobileFramebuffer
0x00007ffb2d4b1000 	/usr/lib/libCoreEntitlements.dylib
0x00007ff820996000 	/System/Library/PrivateFrameworks/AppleFSCompression.framework/Versions/A/AppleFSCompression
0x00007ff820309000 	/usr/lib/libcoretls.dylib
0x00007ff821454000 	/usr/lib/libcoretls_cfhelpers.dylib
0x00007ff820f6b000 	/usr/lib/libpam.2.dylib
0x00007ff81c2f5000 	/usr/lib/libsqlite3.dylib
0x00007ff8214c3000 	/usr/lib/libxar.1.dylib
0x00007ff8209a6000 	/usr/lib/libbz2.1.0.dylib
0x00007ff820ced000 	/usr/lib/libpcap.A.dylib
0x00007ff81c6cd000 	/usr/lib/libdns_services.dylib
0x00007ff820f3b000 	/usr/lib/libapple_nghttp2.dylib
0x00007ff820d27000 	/usr/lib/libiconv.2.dylib
0x00007ff820c7a000 	/usr/lib/libcharset.1.dylib
0x00007ff81d628000 	/System/Library/Frameworks/CoreServices.framework/Versions/A/Frameworks/FSEvents.framework/Versions/A/FSEvents
0x00007ff818540000 	/System/Library/Frameworks/CoreServices.framework/Versions/A/Frameworks/CarbonCore.framework/Versions/A/CarbonCore
0x00007ff81c916000 	/System/Library/Frameworks/CoreServices.framework/Versions/A/Frameworks/Metadata.framework/Versions/A/Metadata
0x00007ff8209b9000 	/System/Library/Frameworks/CoreServices.framework/Versions/A/Frameworks/OSServices.framework/Versions/A/OSServices
0x00007ff820eb0000 	/System/Library/Frameworks/CoreServices.framework/Versions/A/Frameworks/SearchKit.framework/Versions/A/SearchKit
0x00007ff81c660000 	/System/Library/Frameworks/CoreServices.framework/Versions/A/Frameworks/AE.framework/Versions/A/AE
0x00007ff816456000 	/System/Library/Frameworks/CoreServices.framework/Versions/A/Frameworks/LaunchServices.framework/Versions/A/LaunchServices
0x00007ff8213eb000 	/System/Library/Frameworks/CoreServices.framework/Versions/A/Frameworks/DictionaryServices.framework/Versions/A/DictionaryServices
0x00007ff81d635000 	/System/Library/Frameworks/CoreServices.framework/Versions/A/Frameworks/SharedFileList.framework/Versions/A/SharedFileList
0x00007ff8202fd000 	/usr/lib/libCheckFix.dylib
0x00007ff81aea4000 	/System/Library/PrivateFrameworks/TCC.framework/Versions/A/TCC
0x00007ff81f5b9000 	/System/Library/PrivateFrameworks/CoreNLP.framework/Versions/A/CoreNLP
0x00007ff81c8c6000 	/System/Library/PrivateFrameworks/MetadataUtilities.framework/Versions/A/MetadataUtilities
0x00007ff816b89000 	/usr/lib/libmecabra.dylib
0x00007ff820331000 	/usr/lib/libmecab.dylib
0x00007ff816b54000 	/usr/lib/libCRFSuite.dylib
0x00007ff82038b000 	/usr/lib/libgermantok.dylib
0x00007ff820f16000 	/usr/lib/libThaiTokenizer.dylib
0x00007ff81c9b9000 	/System/Library/Frameworks/Accelerate.framework/Versions/A/Frameworks/vImage.framework/Versions/A/vImage
0x00007ff827046000 	/System/Library/Frameworks/Accelerate.framework/Versions/A/Frameworks/vecLib.framework/Versions/A/vecLib
0x00007ff821504000 	/System/Library/Frameworks/Accelerate.framework/Versions/A/Frameworks/vecLib.framework/Versions/A/libvMisc.dylib
0x00007ff81fd78000 	/System/Library/Frameworks/Accelerate.framework/Versions/A/Frameworks/vecLib.framework/Versions/A/libvDSP.dylib
0x00007ff8167d0000 	/System/Library/Frameworks/Accelerate.framework/Versions/A/Frameworks/vecLib.framework/Versions/A/libBLAS.dylib
0x00007ff82104d000 	/System/Library/Frameworks/Accelerate.framework/Versions/A/Frameworks/vecLib.framework/Versions/A/libLAPACK.dylib
0x00007ff82038e000 	/System/Library/Frameworks/Accelerate.framework/Versions/A/Frameworks/vecLib.framework/Versions/A/libLinearAlgebra.dylib
0x00007ff820f53000 	/System/Library/Frameworks/Accelerate.framework/Versions/A/Frameworks/vecLib.framework/Versions/A/libSparseBLAS.dylib
0x00007ff821047000 	/System/Library/Frameworks/Accelerate.framework/Versions/A/Frameworks/vecLib.framework/Versions/A/libQuadrature.dylib
0x00007ff81f6a4000 	/System/Library/Frameworks/Accelerate.framework/Versions/A/Frameworks/vecLib.framework/Versions/A/libBNNS.dylib
0x00007ff816a6a000 	/System/Library/Frameworks/Accelerate.framework/Versions/A/Frameworks/vecLib.framework/Versions/A/libSparse.dylib
0x00007ff81f69d000 	/System/Library/PrivateFrameworks/LinguisticData.framework/Versions/A/LinguisticData
0x00007ff816a20000 	/System/Library/PrivateFrameworks/Lexicon.framework/Versions/A/Lexicon
0x00007ff8214fd000 	/usr/lib/libChineseTokenizer.dylib
0x00007ff817182000 	/System/Library/PrivateFrameworks/LanguageModeling.framework/Versions/A/LanguageModeling
0x00007ff820f18000 	/System/Library/PrivateFrameworks/AppleSauce.framework/Versions/A/AppleSauce
0x00007ff81ff3b000 	/System/Library/PrivateFrameworks/CoreEmoji.framework/Versions/A/CoreEmoji
0x00007ff820e18000 	/usr/lib/libcmph.dylib
0x00007ff81d60c000 	/System/Library/Frameworks/OpenDirectory.framework/Versions/A/Frameworks/CFOpenDirectory.framework/Versions/A/CFOpenDirectory
0x00007ff81d600000 	/System/Library/Frameworks/OpenDirectory.framework/Versions/A/OpenDirectory
0x00007ff821456000 	/System/Library/PrivateFrameworks/APFS.framework/Versions/A/APFS
0x00007ff820258000 	/System/Library/Frameworks/SecurityFoundation.framework/Versions/A/SecurityFoundation
0x00007ff8214d1000 	/usr/lib/libutil.dylib
0x00007ff81886a000 	/System/Library/PrivateFrameworks/CoreServicesStore.framework/Versions/A/CoreServicesStore
0x00007ff8214d5000 	/usr/lib/libxslt.1.dylib
0x00007ff8202e5000 	/System/Library/PrivateFrameworks/BackgroundTaskManagement.framework/Versions/A/BackgroundTaskManagement
0x00007ff822940000 	/System/Library/Frameworks/ImageIO.framework/Versions/A/Resources/libRadiance.dylib
0x00007ff822949000 	/System/Library/Frameworks/ImageIO.framework/Versions/A/Resources/libJPEG.dylib
0x00007ff82289a000 	/System/Library/Frameworks/ImageIO.framework/Versions/A/Resources/libPng.dylib
0x00007ff8228bb000 	/System/Library/Frameworks/ImageIO.framework/Versions/A/Resources/libTIFF.dylib
0x00007ff8229a9000 	/System/Library/Frameworks/ImageIO.framework/Versions/A/Resources/libGIF.dylib
0x00007ff8221d5000 	/System/Library/Frameworks/ImageIO.framework/Versions/A/Resources/libJP2.dylib
0x00007ff821913000 	/usr/lib/libexpat.1.dylib
0x00007ff82218a000 	/System/Library/PrivateFrameworks/AppleJPEG.framework/Versions/A/AppleJPEG
0x00007ff81eaed000 	/System/Library/PrivateFrameworks/FontServices.framework/libFontParser.dylib
0x00007ff81c60a000 	/System/Library/PrivateFrameworks/RunningBoardServices.framework/Versions/A/RunningBoardServices
0x00007ff82d2f5000 	/System/Library/PrivateFrameworks/IOSurfaceAccelerator.framework/Versions/A/IOSurfaceAccelerator
0x00007ff8222b7000 	/System/Library/PrivateFrameworks/WatchdogClient.framework/Versions/A/WatchdogClient
0x00007ff817270000 	/System/Library/Frameworks/CoreDisplay.framework/Versions/A/CoreDisplay
0x00007ff81e9eb000 	/System/Library/Frameworks/CoreMedia.framework/Versions/A/CoreMedia
0x00007ff81e882000 	/System/Library/PrivateFrameworks/IOAccelerator.framework/Versions/A/IOAccelerator
0x00007ff81d789000 	/System/Library/Frameworks/CoreVideo.framework/Versions/A/CoreVideo
0x00007ff820f69000 	/System/Library/Frameworks/MetalPerformanceShaders.framework/Versions/A/MetalPerformanceShaders
0x00007ff8222f4000 	/System/Library/Frameworks/VideoToolbox.framework/Versions/A/VideoToolbox
0x00007ff81c554000 	/System/Library/PrivateFrameworks/BaseBoard.framework/Versions/A/BaseBoard
0x00007ff81c2db000 	/System/Library/PrivateFrameworks/ProtocolBuffer.framework/Versions/A/ProtocolBuffer
0x00007ff822939000 	/System/Library/PrivateFrameworks/GPUWrangler.framework/Versions/A/GPUWrangler
0x00007ff82291d000 	/System/Library/PrivateFrameworks/IOPresentment.framework/Versions/A/IOPresentment
0x00007ff822943000 	/System/Library/PrivateFrameworks/DSExternalDisplay.framework/Versions/A/DSExternalDisplay
0x00007ffa2df9e000 	/System/Library/Frameworks/OpenGL.framework/Versions/A/Libraries/libCoreFSCache.dylib
0x00007ffb1ac5a000 	/System/Library/PrivateFrameworks/GPUCompiler.framework/Versions/31001/Libraries/libGPUCompilerUtils.dylib
0x00007ff8229ae000 	/System/Library/PrivateFrameworks/CMCaptureCore.framework/Versions/A/CMCaptureCore
0x00007ff821ebb000 	/System/Library/PrivateFrameworks/AppServerSupport.framework/Versions/A/AppServerSupport
0x00007ff82417a000 	/System/Library/PrivateFrameworks/perfdata.framework/Versions/A/perfdata
0x00007ff81739c000 	/System/Library/PrivateFrameworks/AudioToolboxCore.framework/Versions/A/AudioToolboxCore
0x00007ff81e9c9000 	/System/Library/PrivateFrameworks/caulk.framework/Versions/A/caulk
0x00007ff823a8c000 	/usr/lib/libAudioStatistics.dylib
0x00007ff91b234000 	/System/Library/PrivateFrameworks/SystemPolicy.framework/Versions/A/SystemPolicy
0x00007ff823ce7000 	/usr/lib/libSMC.dylib
0x00007ff82cbf0000 	/System/Library/Frameworks/CoreMIDI.framework/Versions/A/CoreMIDI
0x00007ff822869000 	/usr/lib/libAudioToolboxUtility.dylib
0x00007ff9174d7000 	/System/Library/PrivateFrameworks/OSAServicesClient.framework/Versions/A/OSAServicesClient
0x00007ff824187000 	/usr/lib/libperfcheck.dylib
0x00007ff91bcde000 	/usr/lib/libmis.dylib
0x00007ffa2dff9000 	/System/Library/Frameworks/OpenGL.framework/Versions/A/Libraries/libGLU.dylib
0x00007ffa2dfbd000 	/System/Library/Frameworks/OpenGL.framework/Versions/A/Libraries/libGFXShared.dylib
0x00007ffa2e1c6000 	/System/Library/Frameworks/OpenGL.framework/Versions/A/Libraries/libGL.dylib
0x00007ffa2dfc6000 	/System/Library/Frameworks/OpenGL.framework/Versions/A/Libraries/libGLImage.dylib
0x00007ffa2dfba000 	/System/Library/Frameworks/OpenGL.framework/Versions/A/Libraries/libCVMSPluginSupport.dylib
0x00007ffa2dfa5000 	/System/Library/Frameworks/OpenGL.framework/Versions/A/Libraries/libCoreVMClient.dylib
0x00007ff81f535000 	/System/Library/Frameworks/MetalPerformanceShaders.framework/Versions/A/Frameworks/MPSCore.framework/Versions/A/MPSCore
0x00007ff820901000 	/System/Library/Frameworks/MetalPerformanceShaders.framework/Versions/A/Frameworks/MPSImage.framework/Versions/A/MPSImage
0x00007ff8203a4000 	/System/Library/Frameworks/MetalPerformanceShaders.framework/Versions/A/Frameworks/MPSNeuralNetwork.framework/Versions/A/MPSNeuralNetwork
0x00007ff820818000 	/System/Library/Frameworks/MetalPerformanceShaders.framework/Versions/A/Frameworks/MPSMatrix.framework/Versions/A/MPSMatrix
0x00007ff8205d3000 	/System/Library/Frameworks/MetalPerformanceShaders.framework/Versions/A/Frameworks/MPSRayIntersector.framework/Versions/A/MPSRayIntersector
0x00007ff820850000 	/System/Library/Frameworks/MetalPerformanceShaders.framework/Versions/A/Frameworks/MPSNDArray.framework/Versions/A/MPSNDArray
0x00007ffa32f26000 	/System/Library/Frameworks/MetalPerformanceShaders.framework/Versions/A/Frameworks/MPSFunctions.framework/Versions/A/MPSFunctions
0x00007ff8166ad000 	/System/Library/PrivateFrameworks/MetalTools.framework/Versions/A/MetalTools
0x00007ff81f5b1000 	/System/Library/PrivateFrameworks/AggregateDictionary.framework/Versions/A/AggregateDictionary
0x00007ff8216f5000 	/usr/lib/libIOReport.dylib
0x00007ffa2f5d5000 	/System/Library/Frameworks/OpenCL.framework/Versions/A/OpenCL
0x00007ff821a59000 	/System/Library/PrivateFrameworks/FaceCore.framework/Versions/A/FaceCore
0x00007ff821a4a000 	/System/Library/PrivateFrameworks/GraphVisualizer.framework/Versions/A/GraphVisualizer
0x00007ffb1ab65000 	/System/Library/PrivateFrameworks/FontServices.framework/Versions/A/FontServices
0x00007ff821e73000 	/System/Library/PrivateFrameworks/OTSVG.framework/Versions/A/OTSVG
0x00007ff81d370000 	/System/Library/Frameworks/ApplicationServices.framework/Versions/A/Frameworks/ATS.framework/Versions/A/Resources/libFontRegistry.dylib
0x00007ff821ec3000 	/System/Library/PrivateFrameworks/FontServices.framework/libhvf.dylib
0x00007ffb1ab66000 	/System/Library/PrivateFrameworks/FontServices.framework/libXTFontStaticRegistryData.dylib
0x00007ff8218c3000 	/System/Library/PrivateFrameworks/AppleVA.framework/Versions/A/AppleVA
0x00007ff823aac000 	/System/Library/Frameworks/ApplicationServices.framework/Versions/A/Frameworks/ATS.framework/Versions/A/ATS
0x00007ff81ba22000 	/System/Library/Frameworks/ApplicationServices.framework/Versions/A/Frameworks/HIServices.framework/Versions/A/HIServices
0x00007ff8229b8000 	/System/Library/Frameworks/ApplicationServices.framework/Versions/A/Frameworks/PrintCore.framework/Versions/A/PrintCore
0x00007ff823e3a000 	/System/Library/Frameworks/ApplicationServices.framework/Versions/A/Frameworks/QD.framework/Versions/A/QD
0x00007ff823e32000 	/System/Library/Frameworks/ApplicationServices.framework/Versions/A/Frameworks/ColorSyncLegacy.framework/Versions/A/ColorSyncLegacy
0x00007ff823a9c000 	/System/Library/Frameworks/ApplicationServices.framework/Versions/A/Frameworks/SpeechSynthesis.framework/Versions/A/SpeechSynthesis
0x00007ff822979000 	/System/Library/Frameworks/ApplicationServices.framework/Versions/A/Frameworks/ATSUI.framework/Versions/A/ATSUI
0x00007ff823dc7000 	/usr/lib/libcups.2.dylib
0x00007ff824196000 	/System/Library/Frameworks/Kerberos.framework/Versions/A/Kerberos
0x00007ff8241a5000 	/System/Library/Frameworks/GSS.framework/Versions/A/GSS
0x00007ff823b18000 	/usr/lib/libresolv.9.dylib
0x00007ff821ed2000 	/System/Library/PrivateFrameworks/Heimdal.framework/Versions/A/Heimdal
0x00007ff82ad72000 	/System/Library/Frameworks/Kerberos.framework/Versions/A/Libraries/libHeimdalProxy.dylib
0x00007ff81c6dd000 	/System/Library/Frameworks/Network.framework/Versions/A/Network
0x00007ff82192d000 	/usr/lib/libheimdal-asn1.dylib
0x00007ff8241f0000 	/System/Library/PrivateFrameworks/CommonAuth.framework/Versions/A/CommonAuth
0x00007ff823a1e000 	/System/Library/PrivateFrameworks/AudioSession.framework/Versions/A/AudioSession
0x00007ff8219bd000 	/System/Library/PrivateFrameworks/MediaExperience.framework/Versions/A/MediaExperience
0x00007ff8238b1000 	/System/Library/PrivateFrameworks/AudioSession.framework/libSessionUtility.dylib
0x00007ff823e46000 	/System/Library/PrivateFrameworks/AudioResourceArbitration.framework/Versions/A/AudioResourceArbitration
0x00007ff827eb9000 	/System/Library/PrivateFrameworks/PowerLog.framework/Versions/A/PowerLog
0x00007ff821936000 	/System/Library/PrivateFrameworks/IconFoundation.framework/Versions/A/IconFoundation
0x00007ff826c6f000 	/System/Library/PrivateFrameworks/SpeechRecognitionCore.framework/Versions/A/SpeechRecognitionCore
0x00007ffa20247000 	/System/Library/CoreServices/Encodings/libSimplifiedChineseConverter.dylib
0x0000000103050000 	/Users/lee/Library/Java/JavaVirtualMachines/temurin-11.0.14.1/Contents/Home/lib/server/libjvm.dylib
0x00000001022b8000 	/Users/lee/Library/Java/JavaVirtualMachines/temurin-11.0.14.1/Contents/Home/lib/libverify.dylib
0x00000001022f5000 	/Users/lee/Library/Java/JavaVirtualMachines/temurin-11.0.14.1/Contents/Home/lib/libjava.dylib
0x00000001022c9000 	/Users/lee/Library/Java/JavaVirtualMachines/temurin-11.0.14.1/Contents/Home/lib/libjimage.dylib
0x00000001022e2000 	/Users/lee/Library/Java/JavaVirtualMachines/temurin-11.0.14.1/Contents/Home/lib/libzip.dylib
0x0000000102e5f000 	/Users/lee/Library/Java/JavaVirtualMachines/temurin-11.0.14.1/Contents/Home/lib/libnio.dylib
0x0000000102e8b000 	/Users/lee/Library/Java/JavaVirtualMachines/temurin-11.0.14.1/Contents/Home/lib/libnet.dylib
0x0000000102ea4000 	/Users/lee/.openjfx/cache/17.0.1/libprism_es2.dylib
0x00007ff81882c000 	/System/Library/PrivateFrameworks/CoreServicesInternal.framework/Versions/A/CoreServicesInternal
0x00007ffa2e1d1000 	/System/Library/Frameworks/OpenGL.framework/Versions/A/Resources/GLEngine.bundle/GLEngine
0x00007ffa2e037000 	/System/Library/Frameworks/OpenGL.framework/Versions/A/Libraries/libGLProgrammability.dylib
0x00007ffa26ec5000 	/System/Library/Extensions/AppleIntelICLGraphicsGLDriver.bundle/Contents/MacOS/AppleIntelICLGraphicsGLDriver
0x00007ff925e18000 	/System/Library/PrivateFrameworks/GPUSupport.framework/Versions/A/Libraries/libGPUSupportMercury.dylib
0x00007ffa2e35b000 	/System/Library/Frameworks/OpenGL.framework/Versions/A/Resources/GLRendererFloat.bundle/GLRendererFloat
0x0000000129793000 	/Users/lee/.openjfx/cache/17.0.1/libglass.dylib
0x00007ff8284aa000 	/System/Library/Frameworks/FileProvider.framework/Versions/A/FileProvider
0x00007ff81c4c1000 	/System/Library/Frameworks/Accounts.framework/Versions/A/Accounts
0x00007ff828623000 	/System/Library/PrivateFrameworks/GenerationalStorage.framework/Versions/A/GenerationalStorage
0x00007ff829136000 	/System/Library/PrivateFrameworks/CoreSymbolication.framework/Versions/A/CoreSymbolication
0x00007ff827eae000 	/System/Library/PrivateFrameworks/SymptomDiagnosticReporter.framework/Versions/A/SymptomDiagnosticReporter
0x00007ff819aea000 	/System/Library/PrivateFrameworks/DesktopServicesPriv.framework/Versions/A/DesktopServicesPriv
0x00007ff81896b000 	/usr/lib/libsandbox.1.dylib
0x00007ff81d808000 	/System/Library/PrivateFrameworks/UserManagement.framework/Versions/A/UserManagement
0x00007ff8290fb000 	/System/Library/PrivateFrameworks/DebugSymbols.framework/Versions/A/DebugSymbols
0x00007ff823e27000 	/System/Library/PrivateFrameworks/NetAuth.framework/Versions/A/NetAuth
0x00007ff824d34000 	/System/Library/PrivateFrameworks/Sharing.framework/Versions/A/Sharing
0x00007ff81d7db000 	/System/Library/PrivateFrameworks/login.framework/Versions/A/Frameworks/loginsupport.framework/Versions/A/loginsupport
0x00007ff82a299000 	/System/Library/PrivateFrameworks/Apple80211.framework/Versions/A/Apple80211
0x00007ff8209e6000 	/System/Library/PrivateFrameworks/AuthKit.framework/Versions/A/AuthKit
0x00007ff820031000 	/System/Library/PrivateFrameworks/CoreUtils.framework/Versions/A/CoreUtils
0x00007ff81ff58000 	/System/Library/Frameworks/CoreWLAN.framework/Versions/A/CoreWLAN
0x00007ff824e93000 	/System/Library/Frameworks/IOBluetooth.framework/Versions/A/IOBluetooth
0x00007ff82a301000 	/System/Library/PrivateFrameworks/CoreWiFi.framework/Versions/A/CoreWiFi
0x00007ff828ccd000 	/System/Library/PrivateFrameworks/FrontBoardServices.framework/Versions/A/FrontBoardServices
0x00007ff828d5e000 	/System/Library/PrivateFrameworks/BoardServices.framework/Versions/A/BoardServices
0x00007ff820247000 	/System/Library/PrivateFrameworks/AssertionServices.framework/Versions/A/AssertionServices
0x00007ff82a484000 	/System/Library/PrivateFrameworks/BackBoardServices.framework/Versions/A/BackBoardServices
0x00007ff824281000 	/System/Library/PrivateFrameworks/CorePhoneNumbers.framework/Versions/A/CorePhoneNumbers
0x00007ff827fcb000 	/System/Library/PrivateFrameworks/DiskManagement.framework/Versions/A/DiskManagement
0x00007ff827edf000 	/System/Library/PrivateFrameworks/AppleIDAuthSupport.framework/Versions/A/AppleIDAuthSupport
0x00007ffa354e7000 	/System/Library/PrivateFrameworks/AAAFoundation.framework/Versions/A/AAAFoundation
0x00007ff824262000 	/System/Library/PrivateFrameworks/KeychainCircle.framework/Versions/A/KeychainCircle
0x00007ff827f97000 	/System/Library/PrivateFrameworks/MediaKit.framework/Versions/A/MediaKit
0x00007ff827eeb000 	/System/Library/Frameworks/DiscRecording.framework/Versions/A/DiscRecording
0x00007ff82183b000 	/usr/lib/libCoreStorage.dylib
0x00007ff82a772000 	/usr/lib/libcsfde.dylib
0x00007ff824f60000 	/System/Library/PrivateFrameworks/ProtectedCloudStorage.framework/Versions/A/ProtectedCloudStorage
0x00007ff82a76e000 	/System/Library/PrivateFrameworks/EFILogin.framework/Versions/A/EFILogin
0x00007ff828649000 	/System/Library/PrivateFrameworks/OctagonTrust.framework/Versions/A/OctagonTrust
0x00007ffb19dd4000 	/System/Library/PrivateFrameworks/CoreUtilsExtras.framework/Versions/A/CoreUtilsExtras
0x00007ff827e12000 	/System/Library/Frameworks/CoreBluetooth.framework/Versions/A/CoreBluetooth
0x00007ff82adf7000 	/System/Library/Frameworks/AudioUnit.framework/Versions/A/AudioUnit
0x00007ff821833000 	/usr/lib/libMatch.1.dylib
0x00007ff9202b7000 	/System/Library/Frameworks/Accelerate.framework/Versions/A/Frameworks/vImage.framework/Versions/A/Libraries/libCGInterfaces.dylib
0x000000012977b000 	/usr/lib/libobjc-trampolines.dylib
0x00007ffb2d5c0000 	/usr/lib/libRosetta.dylib
0x00007ff81d500000 	/System/Library/PrivateFrameworks/ViewBridge.framework/Versions/A/ViewBridge
0x00007ff821f89000 	/System/Library/PrivateFrameworks/login.framework/Versions/A/login
0x000000012d281000 	/Users/lee/Library/Java/JavaVirtualMachines/temurin-11.0.14.1/Contents/Home/lib/libextnet.dylib
0x000000012d889000 	/Users/lee/.openjfx/cache/17.0.1/libjavafx_iio.dylib
0x000000012d209000 	/Users/lee/.openjfx/cache/17.0.1/libjavafx_font.dylib
0x00007ff82738b000 	/System/Library/PrivateFrameworks/SystemAdministration.framework/Versions/A/SystemAdministration
0x00007ff822be2000 	/System/Library/Frameworks/MediaToolbox.framework/Versions/A/MediaToolbox
0x00007ff826c3b000 	/System/Library/Frameworks/DirectoryService.framework/Versions/A/DirectoryService
0x00007ff82a610000 	/System/Library/PrivateFrameworks/DiskImages.framework/Versions/A/DiskImages
0x00007ff8202ef000 	/System/Library/Frameworks/ServiceManagement.framework/Versions/A/ServiceManagement
0x00007ff82a7ec000 	/System/Library/PrivateFrameworks/LoginUIKit.framework/Versions/A/Frameworks/LoginUICore.framework/Versions/A/LoginUICore
0x00007ff822132000 	/usr/lib/libodfde.dylib
0x00007ff82847a000 	/System/Library/PrivateFrameworks/CoreAVCHD.framework/Versions/A/CoreAVCHD
0x00007ff82734f000 	/System/Library/Frameworks/MediaAccessibility.framework/Versions/A/MediaAccessibility
0x00007ff828476000 	/System/Library/PrivateFrameworks/Mangrove.framework/Versions/A/Mangrove
0x00007ff82735a000 	/System/Library/PrivateFrameworks/AlgosScoreFramework.framework/Versions/A/AlgosScoreFramework
0x00007ffb170ce000 	/System/Library/PrivateFrameworks/CMPhoto.framework/Versions/A/CMPhoto
0x00007ff828fd1000 	/System/Library/PrivateFrameworks/AppleVPA.framework/Versions/A/AppleVPA
0x00007ff8280bb000 	/System/Library/PrivateFrameworks/CoreAUC.framework/Versions/A/CoreAUC
0x00007ff82a77e000 	/usr/lib/libcurl.4.dylib
0x00007ffb2da2c000 	/usr/lib/libcrypto.46.dylib
0x00007ffb2df1d000 	/usr/lib/libssl.48.dylib
0x00007ff82a4a2000 	/System/Library/Frameworks/LDAP.framework/Versions/A/LDAP
0x00007ff82a4da000 	/System/Library/PrivateFrameworks/TrustEvaluationAgent.framework/Versions/A/TrustEvaluationAgent
0x00007ff823b31000 	/usr/lib/libsasl2.2.dylib
0x00007ff82737f000 	/System/Library/PrivateFrameworks/CoreDaemon.framework/Versions/B/CoreDaemon
0x00007ff82737a000 	/System/Library/PrivateFrameworks/AppleSRP.framework/Versions/A/AppleSRP


VM Arguments:
jvm_args: --add-modules=javafx.controls,javafx.fxml --module-path=/Users/lee/.gradle/caches/modules-2/files-2.1/org.openjfx/javafx-fxml/17.0.1/4ec9abf3948b347b5ce0e09813add3f25a6dbc0b/javafx-fxml-17.0.1-mac.jar:/Users/lee/.gradle/caches/modules-2/files-2.1/org.openjfx/javafx-controls/17.0.1/9c4e3c7ee4fe3f2d71cb94811910695f43040dc5/javafx-controls-17.0.1-mac.jar:/Users/lee/.gradle/caches/modules-2/files-2.1/org.openjfx/javafx-graphics/17.0.1/60505369f7528056d4d8c5ea080df5447bdb0264/javafx-graphics-17.0.1-mac.jar:/Users/lee/.gradle/caches/modules-2/files-2.1/org.openjfx/javafx-base/17.0.1/75cfa6f780ea3b3fd4ae336161e9e136ebb91ef2/javafx-base-17.0.1-mac.jar -Dfile.encoding=UTF-8 -Duser.country=CN -Duser.language=zh -Duser.variant 
java_command: edu.duke.ece651.mp.client.Client
java_class_path (initial): /Users/lee/ece651-project1/client/build/classes/java/main:/Users/lee/ece651-project1/client/build/resources/main:/Users/lee/ece651-project1/common/build/libs/common.jar:/Users/lee/.gradle/caches/modules-2/files-2.1/org.apache.commons/commons-text/1.9/ba6ac8c2807490944a0a27f6f8e68fb5ed2e80e2/commons-text-1.9.jar:/Users/lee/.gradle/caches/modules-2/files-2.1/com.google.guava/guava/30.1.1-jre/87e0fd1df874ea3cbe577702fe6f17068b790fd8/guava-30.1.1-jre.jar:/Users/lee/.gradle/caches/modules-2/files-2.1/org.javatuples/javatuples/1.2/507312ac4b601204a72a83380badbca82683dd36/javatuples-1.2.jar:/Users/lee/.gradle/caches/modules-2/files-2.1/org.apache.commons/commons-lang3/3.11/68e9a6adf7cf8eb7e9d31bbc554c7c75eeaac568/commons-lang3-3.11.jar:/Users/lee/.gradle/caches/modules-2/files-2.1/com.google.guava/failureaccess/1.0.1/1dcf1de382a0bf95a3d8b0849546c88bac1292c9/failureaccess-1.0.1.jar:/Users/lee/.gradle/caches/modules-2/files-2.1/com.google.guava/listenablefuture/9999.0-empty-to-avoid-conflict-with-guava/b421526c5f297295adef1c886e5246c39d4ac629/listenablefuture-9999.0-empty-to-avoid-conflict-with-guava.jar:/Users/lee/.gradle/caches/modules-2/files-2.1/com.google.code.findbugs/jsr305/3.0.2/25ea2e8b0c338a877313bd4672d3fe056ea78f0d/jsr305-3.0.2.jar:/Users/lee/.gradle/caches/modules-2/files-2.1/org.checkerframework/checker-qual/3.8.0/6b83e4a33220272c3a08991498ba9dc09519f190/checker-qual-3.8.0.jar:/Users/lee/.gradle/caches/modules-2/files-2.1/com.google.errorprone/error_prone_annotations/2.5.1/562d366678b89ce5d6b6b82c1a073880341e3fba/error_prone_annotations-2.5.1.jar:/Users/lee/.gradle/caches/modules-2/files-2.1/com.google.j2objc/j2objc-annotations/1.3/ba035118bc8bac37d7eff77700720999acd9986d/j2objc-annotations-1.3.jar
Launcher Type: SUN_STANDARD

[Global flags]
     intx CICompilerCount                          = 4                                         {product} {ergonomic}
     uint ConcGCThreads                            = 2                                         {product} {ergonomic}
     uint G1ConcRefinementThreads                  = 8                                         {product} {ergonomic}
   size_t G1HeapRegionSize                         = 1048576                                   {product} {ergonomic}
    uintx GCDrainStackTargetSize                   = 64                                        {product} {ergonomic}
   size_t InitialHeapSize                          = 268435456                                 {product} {ergonomic}
   size_t MarkStackSize                            = 4194304                                   {product} {ergonomic}
   size_t MaxHeapSize                              = 4294967296                                {product} {ergonomic}
   size_t MaxNewSize                               = 2576351232                                {product} {ergonomic}
   size_t MinHeapDeltaBytes                        = 1048576                                   {product} {ergonomic}
    uintx NonNMethodCodeHeapSize                   = 5836300                                {pd product} {ergonomic}
    uintx NonProfiledCodeHeapSize                  = 122910970                              {pd product} {ergonomic}
    uintx ProfiledCodeHeapSize                     = 122910970                              {pd product} {ergonomic}
    uintx ReservedCodeCacheSize                    = 251658240                              {pd product} {ergonomic}
     bool SegmentedCodeCache                       = true                                      {product} {ergonomic}
     bool UseCompressedClassPointers               = true                                 {lp64_product} {ergonomic}
     bool UseCompressedOops                        = true                                 {lp64_product} {ergonomic}
     bool UseG1GC                                  = true                                      {product} {ergonomic}

Logging:
Log output configuration:
 #0: stdout all=warning uptime,level,tags
 #1: stderr all=off uptime,level,tags

Environment Variables:
PATH=/Library/Frameworks/Python.framework/Versions/3.8/bin:/Library/Frameworks/Python.framework/Versions/3.10/bin:/usr/local/bin:/usr/local/sbin:/usr/local/bin:/usr/bin:/bin:/usr/sbin:/sbin:/Library/TeX/texbin:/Library/Apple/usr/bin
SHELL=/bin/zsh
LC_CTYPE=zh_CN.UTF-8

Signal Handlers:
SIGSEGV: [libjvm.dylib+0x7c69d4], sa_mask[0]=11111111011111110111111111111111, sa_flags=SA_ONSTACK|SA_RESTART|SA_SIGINFO
SIGBUS: [libjvm.dylib+0x7c69d4], sa_mask[0]=11111111011111110111111111111111, sa_flags=SA_RESTART|SA_SIGINFO
SIGFPE: [libjvm.dylib+0x7c69d4], sa_mask[0]=11111111011111110111111111111111, sa_flags=SA_RESTART|SA_SIGINFO
SIGPIPE: [libjvm.dylib+0x62b2ae], sa_mask[0]=11111111011111110111111111111111, sa_flags=SA_RESTART|SA_SIGINFO
SIGXFSZ: [libjvm.dylib+0x62b2ae], sa_mask[0]=11111111011111110111111111111111, sa_flags=SA_RESTART|SA_SIGINFO
SIGILL: [libjvm.dylib+0x7c69d4], sa_mask[0]=11111111011111110111111111111111, sa_flags=SA_RESTART|SA_SIGINFO
SIGUSR2: [libjvm.dylib+0x62b895], sa_mask[0]=00100000000000000000000000000000, sa_flags=SA_RESTART|SA_SIGINFO
SIGHUP: [libjvm.dylib+0x62a477], sa_mask[0]=11111111011111110111111111111111, sa_flags=SA_RESTART|SA_SIGINFO
SIGINT: [libjvm.dylib+0x62a477], sa_mask[0]=11111111011111110111111111111111, sa_flags=SA_RESTART|SA_SIGINFO
SIGTERM: [libjvm.dylib+0x62a477], sa_mask[0]=11111111011111110111111111111111, sa_flags=SA_RESTART|SA_SIGINFO
SIGQUIT: [libjvm.dylib+0x62a477], sa_mask[0]=11111111011111110111111111111111, sa_flags=SA_RESTART|SA_SIGINFO


---------------  S Y S T E M  ---------------

OS:uname:Darwin 21.4.0 Darwin Kernel Version 21.4.0: Fri Mar 18 00:45:05 PDT 2022; root:xnu-8020.101.4~15/RELEASE_X86_64 x86_64
OS uptime: 6 days 10:56 hours
rlimit (soft/hard): STACK 8192k/65532k , CORE 0k/infinity , NPROC 2784/4176 , NOFILE 10240/infinity , AS infinity/infinity , CPU infinity/infinity , DATA infinity/infinity , FSIZE infinity/infinity , MEMLOCK infinity/infinity , RSS infinity/infinity
load average:4.79 3.95 3.58

CPU:total 8 (initial active 8) (4 cores per cpu, 2 threads per core) family 6 model 126 stepping 5 microcode 0xa8, cmov, cx8, fxsr, mmx, sse, sse2, sse3, ssse3, sse4.1, sse4.2, popcnt, avx, avx2, aes, clmul, erms, 3dnowpref, lzcnt, ht, tsc, tscinvbit, bmi1, bmi2, adx, sha, fma

Memory: 4k page, physical 16777216k(724448k free), swap 2097152k(676096k free)

vm_info: OpenJDK 64-Bit Server VM (11.0.14.1+1) for bsd-amd64 JRE (11.0.14.1+1), built on Feb  8 2022 17:43:13 by "jenkins" with clang 4.2.1 Compatible Apple LLVM 10.0.1 (clang-1001.0.46.4)

END.
